#
# A fatal error has been detected by the Java Runtime Environment:
#
#  EXCEPTION_ACCESS_VIOLATION (0xc0000005) at pc=0x0000000076d432f2, pid=11872, tid=17392
#
# JRE version: OpenJDK Runtime Environment (11.0.2+9) (build 11.0.2+9)
# Java VM: OpenJDK 64-Bit Server VM (11.0.2+9, mixed mode, tiered, compressed oops, g1 gc, windows-amd64)
# Problematic frame:
# C  [ntdll.dll+0x532f2]
#
# No core dump will be written. Minidumps are not enabled by default on client versions of Windows
#
# If you would like to submit a bug report, please visit:
#   http://bugreport.java.com/bugreport/crash.jsp
# The crash happened outside the Java Virtual Machine in native code.
# See problematic frame for where to report the bug.
#

---------------  S U M M A R Y ------------

Command Line: -Djavafx.embed.singleThread=true 

Host: AMD A6-6310 APU with AMD Radeon R4 Graphics    , 4 cores, 4G,  Windows 7 , 64 bit Build 7601 (6.1.7601.18409)
Time: Wed Dec  2 16:18:03 2020 ora solare Europa occidentale elapsed time: 50 seconds (0d 0h 0m 50s)

---------------  T H R E A D  ---------------

Current thread (0x0000000021dc6800):  JavaThread "QuantumRenderer-0" daemon [_thread_in_native, id=17392, stack(0x0000000022ea0000,0x00000000230a0000)]

Stack: [0x0000000022ea0000,0x00000000230a0000],  sp=0x000000002309e8e0,  free space=2042k
Native frames: (J=compiled Java code, j=interpreted, Vv=VM code, C=native code)
C  [ntdll.dll+0x532f2]
C  [kernel32.dll+0x21a4a]
C  [d3d9.dll+0x2319]

Java frames: (J=compiled Java code, j=interpreted, Vv=VM code)
j  com.sun.prism.d3d.D3DSwapChain.nPresent(JJ)I+0
j  com.sun.prism.d3d.D3DSwapChain.present()Z+16
j  com.sun.javafx.tk.quantum.PresentingPainter.run()V+446
j  java.util.concurrent.Executors$RunnableAdapter.call()Ljava/lang/Object;+4 java.base@11.0.2
j  java.util.concurrent.FutureTask.runAndReset()Z+44 java.base@11.0.2
j  com.sun.javafx.tk.RenderJob.run()V+1
j  java.util.concurrent.ThreadPoolExecutor.runWorker(Ljava/util/concurrent/ThreadPoolExecutor$Worker;)V+92 java.base@11.0.2
j  java.util.concurrent.ThreadPoolExecutor$Worker.run()V+5 java.base@11.0.2
j  com.sun.javafx.tk.quantum.QuantumRenderer$PipelineRunnable.run()V+8
j  java.lang.Thread.run()V+11 java.base@11.0.2
v  ~StubRoutines::call_stub

siginfo: EXCEPTION_ACCESS_VIOLATION (0xc0000005), reading address 0xffffffffffffffff


Register to memory mapping:

RIP=0x0000000076d432f2 ntdll.dll
RAX=0x2b062a0627062606 is an unknown value
RBX=0x0000000022944150 points into unknown readable memory: 06 26 06 27 06 2a 06 2b
RCX=0x000000ffffffffff is an unknown value
RDX=0x000000002675c4e0 points into unknown readable memory: 00 00 00 00 00 00 00 00
RSP=0x000000002309e8e0 is pointing into the stack for thread: 0x0000000021dc6800
RBP=0x0000000000000001 is an unknown value
RSI=0x00000000005c0000 points into unknown readable memory: 00 00 00 00 00 00 00 00
RDI=0x000000002675c4f0 points into unknown readable memory: 06 2c 00 00 00 00 00 00
R8 =0x3a062d062c062506 is an unknown value
R9 =0xbeefbf67f7ed2507 is an unknown value
R10=0x0 is NULL
R11=0x000000002309e714 is pointing into the stack for thread: 0x0000000021dc6800
R12=0x2406310630064605 is an unknown value
R13=0x0000000100000001 is pointing into metadata
R14=0xffffffff00007fff is an unknown value
R15=
[error occurred during error reporting (printing register info), id 0xc0000005, EXCEPTION_ACCESS_VIOLATION (0xc0000005) at pc=0x000007fee39424b6]

Registers:
RAX=0x2b062a0627062606, RBX=0x0000000022944150, RCX=0x000000ffffffffff, RDX=0x000000002675c4e0
RSP=0x000000002309e8e0, RBP=0x0000000000000001, RSI=0x00000000005c0000, RDI=0x000000002675c4f0
R8 =0x3a062d062c062506, R9 =0xbeefbf67f7ed2507, R10=0x0000000000000000, R11=0x000000002309e714
R12=0x2406310630064605, R13=0x0000000100000001, R14=0xffffffff00007fff, R15=0x00000000ffff0000
RIP=0x0000000076d432f2, EFLAGS=0x0000000000010282

Top of Stack: (sp=0x000000002309e8e0)
0x000000002309e8e0:   000007fee4e83180 0000000000000000
0x000000002309e8f0:   000000002ac870a0 0000000000000008
0x000000002309e900:   0000000000000001 0000000076bf1a4a
0x000000002309e910:   0000000000000000 000000002675c500
0x000000002309e920:   000000000000029b 00000000000002b2
0x000000002309e930:   000007fee4e83180 0000000000000000
0x000000002309e940:   000000002675c500 000000002ac67118
0x000000002309e950:   000007fee4e83228 0000000076bf1a4a
0x000000002309e960:   000000002ac870a0 0000000000000001
0x000000002309e970:   000000002309eb70 000000002675c500
0x000000002309e980:   000000002ac87180 000007fecdd42319
0x000000002309e990:   00000000235769f0 000000002ac7b910
0x000000002309e9a0:   fffffffffffffffe 000007fecdd42319
0x000000002309e9b0:   000000002675c500 000007fecdd5a675
0x000000002309e9c0:   0000000000000001 000000002ac67118
0x000000002309e9d0:   000000002ac67118 000000002675c500 

Instructions: (pc=0x0000000076d432f2)
0x0000000076d432d2:   00 00 48 c1 e8 10 66 89 42 10 48 8b c2 49 2b c4
0x0000000076d432e2:   48 c1 e0 0c 48 25 00 00 ff ff 4c 0b c8 48 8b 03
0x0000000076d432f2:   48 89 18 49 8b c0 f0 4c 0f b1 4b 10 75 b6 4c 8b
0x0000000076d43302:   7c 24 40 4c 8b 74 24 48 4c 8b 6c 24 50 66 45 85 


Stack slot to memory mapping:
stack at sp + 0 slots: 0x000007fee4e83180 points into unknown readable memory: a0 7f 57 23 00 00 00 00
stack at sp + 1 slots: 0x0 is NULL
stack at sp + 2 slots: 0x000000002ac870a0 points into unknown readable memory: 20 c0 ec cd fe 07 00 00
stack at sp + 3 slots: 0x0000000000000008 is an unknown value
stack at sp + 4 slots: 0x0000000000000001 is an unknown value
stack at sp + 5 slots: 0x0000000076bf1a4a kernel32.dll
stack at sp + 6 slots: 0x0 is NULL
stack at sp + 7 slots: 0x000000002675c500 points into unknown readable memory: b0 b0 ec cd fe 07 00 00


---------------  P R O C E S S  ---------------

Threads class SMR info:
_java_thread_list=0x0000000026e94e10, length=32, elements={
0x0000000000312800, 0x00000000207ba800, 0x00000000207bb000, 0x0000000020811800,
0x0000000020816800, 0x0000000020817800, 0x000000002081e000, 0x000000002081f800,
0x0000000021a53800, 0x0000000021a99000, 0x0000000021d4c800, 0x0000000021dc6800,
0x0000000022873000, 0x0000000022748800, 0x0000000022a4a000, 0x0000000022d83800,
0x0000000022c9e800, 0x00000000229ca000, 0x000000002c0c9800, 0x000000002c0ca800,
0x000000002c0cd000, 0x000000002c0c8000, 0x000000002c0cc000, 0x000000002c0ce800,
0x0000000026c18800, 0x0000000026c19800, 0x0000000026c1a000, 0x000000002c0cb800,
0x0000000026c1e800, 0x0000000026c1c000, 0x0000000026c1d800, 0x0000000034e10800
}

Java Threads: ( => current thread )
  0x0000000000312800 JavaThread "main" [_thread_blocked, id=15956, stack(0x0000000000030000,0x0000000000230000)]
  0x00000000207ba800 JavaThread "Reference Handler" daemon [_thread_blocked, id=15732, stack(0x0000000020b00000,0x0000000020d00000)]
  0x00000000207bb000 JavaThread "Finalizer" daemon [_thread_blocked, id=11900, stack(0x0000000020d00000,0x0000000020f00000)]
  0x0000000020811800 JavaThread "Signal Dispatcher" daemon [_thread_blocked, id=8508, stack(0x0000000020fe0000,0x00000000211e0000)]
  0x0000000020816800 JavaThread "Attach Listener" daemon [_thread_blocked, id=15988, stack(0x00000000211e0000,0x00000000213e0000)]
  0x0000000020817800 JavaThread "C2 CompilerThread0" daemon [_thread_blocked, id=11720, stack(0x00000000213e0000,0x00000000215e0000)]
  0x000000002081e000 JavaThread "C1 CompilerThread0" daemon [_thread_blocked, id=15292, stack(0x00000000215e0000,0x00000000217e0000)]
  0x000000002081f800 JavaThread "Sweeper thread" daemon [_thread_blocked, id=8480, stack(0x00000000217e0000,0x00000000219e0000)]
  0x0000000021a53800 JavaThread "Service Thread" daemon [_thread_blocked, id=9340, stack(0x0000000021de0000,0x0000000021fe0000)]
  0x0000000021a99000 JavaThread "Common-Cleaner" daemon [_thread_blocked, id=16440, stack(0x00000000221e0000,0x00000000223e0000)]
  0x0000000021d4c800 JavaThread "JavaFX-Launcher" [_thread_blocked, id=15456, stack(0x00000000224a0000,0x00000000226a0000)]
=>0x0000000021dc6800 JavaThread "QuantumRenderer-0" daemon [_thread_in_native, id=17392, stack(0x0000000022ea0000,0x00000000230a0000)]
  0x0000000022873000 JavaThread "InvokeLaterDispatcher" daemon [_thread_blocked, id=16532, stack(0x0000000023820000,0x0000000023a20000)]
  0x0000000022748800 JavaThread "JavaFX Application Thread" [_thread_blocked, id=15516, stack(0x0000000023a20000,0x0000000023c20000)]
  0x0000000022a4a000 JavaThread "Thread-2" daemon [_thread_in_native, id=16484, stack(0x0000000027110000,0x0000000027310000)]
  0x0000000022d83800 JavaThread "Java2D Disposer" daemon [_thread_blocked, id=15412, stack(0x0000000027310000,0x0000000027510000)]
  0x0000000022c9e800 JavaThread "AWT-Windows" daemon [_thread_in_native, id=17000, stack(0x0000000027910000,0x0000000027b10000)]
  0x00000000229ca000 JavaThread "Thread-3" [_thread_blocked, id=16552, stack(0x0000000027b10000,0x0000000027d10000)]
  0x000000002c0c9800 JavaThread "AWT-Shutdown" [_thread_blocked, id=13756, stack(0x000000002d120000,0x000000002d320000)]
  0x000000002c0ca800 JavaThread "TimerQueue" daemon [_thread_blocked, id=13008, stack(0x000000002d320000,0x000000002d520000)]
  0x000000002c0cd000 JavaThread "AWT-EventQueue-0" [_thread_blocked, id=3964, stack(0x000000002e830000,0x000000002ea30000)]
  0x000000002c0c8000 JavaThread "Prism Font Disposer" daemon [_thread_blocked, id=11384, stack(0x000000002cad0000,0x000000002ccd0000)]
  0x000000002c0cc000 JavaThread "JDI Internal Event Handler" daemon [_thread_blocked, id=14180, stack(0x0000000031930000,0x0000000031b30000)]
  0x000000002c0ce800 JavaThread "JDI Target VM Interface" daemon [_thread_in_native, id=13704, stack(0x0000000031b30000,0x0000000031d30000)]
  0x0000000026c18800 JavaThread "BlueJ I/O Handler" [_thread_in_native, id=9396, stack(0x0000000031d30000,0x0000000031f30000)]
  0x0000000026c19800 JavaThread "BlueJ I/O Handler" [_thread_in_native, id=7312, stack(0x0000000031f30000,0x0000000032130000)]
  0x0000000026c1a000 JavaThread "BlueJ I/O Handler" [_thread_blocked, id=9416, stack(0x0000000032130000,0x0000000032330000)]
  0x000000002c0cb800 JavaThread "vm-event-handler" [_thread_blocked, id=11552, stack(0x000000002ccd0000,0x000000002ced0000)]
  0x0000000026c1e800 JavaThread "Cleaner-0" daemon [_thread_blocked, id=14000, stack(0x0000000030a30000,0x0000000030c30000)]
  0x0000000026c1c000 JavaThread "SwingNode Disposer" daemon [_thread_blocked, id=15064, stack(0x0000000032330000,0x0000000032530000)]
  0x0000000026c1d800 JavaThread "Thread del compilatore di BlueJ" [_thread_blocked, id=1900, stack(0x0000000032730000,0x0000000032930000)]
  0x0000000034e10800 JavaThread "Disposer" daemon [_thread_blocked, id=14660, stack(0x0000000033a60000,0x0000000033c60000)]

Other Threads:
  0x00000000207b8800 VMThread "VM Thread" [stack: 0x0000000020900000,0x0000000020b00000] [id=15520]
  0x0000000021a54800 WatcherThread [stack: 0x0000000021fe0000,0x00000000221e0000] [id=4936]
  0x0000000000326000 GCTaskThread "GC Thread#0" [stack: 0x0000000019c40000,0x0000000019e40000] [id=14672]
  0x00000000261e1000 GCTaskThread "GC Thread#1" [stack: 0x0000000027d10000,0x0000000027f10000] [id=13404]
  0x00000000261e2000 GCTaskThread "GC Thread#2" [stack: 0x0000000027f10000,0x0000000028110000] [id=15708]
  0x00000000261e2800 GCTaskThread "GC Thread#3" [stack: 0x0000000028110000,0x0000000028310000] [id=16668]
  0x000000000034b000 ConcurrentGCThread "G1 Main Marker" [stack: 0x000000001d1c0000,0x000000001d3c0000] [id=16432]
  0x0000000000354800 ConcurrentGCThread "G1 Conc#0" [stack: 0x000000001d3c0000,0x000000001d5c0000] [id=16640]
  0x000000001fa27800 ConcurrentGCThread "G1 Refine#0" [stack: 0x000000001fb00000,0x000000001fd00000] [id=13148]
  0x000000001fa28000 ConcurrentGCThread "G1 Young RemSet Sampling" [stack: 0x000000001fd00000,0x000000001ff00000] [id=8712]

Threads with active compile tasks:

VM state:not at safepoint (normal execution)

VM Mutex/Monitor currently owned by a thread: None

Heap address: 0x00000000b0800000, size: 1272 MB, Compressed Oops mode: 32-bit
Narrow klass base: 0x0000000000000000, Narrow klass shift: 3
Compressed class space size: 1073741824 Address: 0x0000000100000000

Heap:
 garbage-first heap   total 201728K, used 100287K [0x00000000b0800000, 0x0000000100000000)
  region size 1024K, 48 young (49152K), 7 survivors (7168K)
 Metaspace       used 69532K, capacity 72733K, committed 72972K, reserved 1112064K
  class space    used 9208K, capacity 10575K, committed 10684K, reserved 1048576K
Heap Regions: E=young(eden), S=young(survivor), O=old, HS=humongous(starts), HC=humongous(continues), CS=collection set, F=free, A=archive, TAMS=top-at-mark-start (previous, next)
|   0|0x00000000b0800000, 0x00000000b0900000, 0x00000000b0900000|100%| O|  |TAMS 0x00000000b0900000, 0x00000000b0800000| Untracked 
|   1|0x00000000b0900000, 0x00000000b0a00000, 0x00000000b0a00000|100%| O|  |TAMS 0x00000000b0a00000, 0x00000000b0900000| Untracked 
|   2|0x00000000b0a00000, 0x00000000b0b00000, 0x00000000b0b00000|100%| O|  |TAMS 0x00000000b0b00000, 0x00000000b0a00000| Untracked 
|   3|0x00000000b0b00000, 0x00000000b0c00000, 0x00000000b0c00000|100%| O|  |TAMS 0x00000000b0c00000, 0x00000000b0b00000| Untracked 
|   4|0x00000000b0c00000, 0x00000000b0d00000, 0x00000000b0d00000|100%| O|  |TAMS 0x00000000b0d00000, 0x00000000b0c00000| Untracked 
|   5|0x00000000b0d00000, 0x00000000b0e00000, 0x00000000b0e00000|100%| O|  |TAMS 0x00000000b0e00000, 0x00000000b0d00000| Untracked 
|   6|0x00000000b0e00000, 0x00000000b0f00000, 0x00000000b0f00000|100%| O|  |TAMS 0x00000000b0f00000, 0x00000000b0e00000| Untracked 
|   7|0x00000000b0f00000, 0x00000000b1000000, 0x00000000b1000000|100%| O|  |TAMS 0x00000000b1000000, 0x00000000b0f00000| Untracked 
|   8|0x00000000b1000000, 0x00000000b1100000, 0x00000000b1100000|100%| O|  |TAMS 0x00000000b1100000, 0x00000000b1000000| Untracked 
|   9|0x00000000b1100000, 0x00000000b1200000, 0x00000000b1200000|100%| O|  |TAMS 0x00000000b1200000, 0x00000000b1100000| Untracked 
|  10|0x00000000b1200000, 0x00000000b1300000, 0x00000000b1300000|100%| O|  |TAMS 0x00000000b1300000, 0x00000000b1200000| Untracked 
|  11|0x00000000b1300000, 0x00000000b1400000, 0x00000000b1400000|100%| O|  |TAMS 0x00000000b1400000, 0x00000000b1300000| Untracked 
|  12|0x00000000b1400000, 0x00000000b1500000, 0x00000000b1500000|100%| O|  |TAMS 0x00000000b1500000, 0x00000000b1400000| Untracked 
|  13|0x00000000b1500000, 0x00000000b1600000, 0x00000000b1600000|100%|HS|  |TAMS 0x00000000b1600000, 0x00000000b1500000| Complete 
|  14|0x00000000b1600000, 0x00000000b1700000, 0x00000000b1700000|100%|HC|  |TAMS 0x00000000b1700000, 0x00000000b1600000| Complete 
|  15|0x00000000b1700000, 0x00000000b1800000, 0x00000000b1800000|100%| O|  |TAMS 0x00000000b1800000, 0x00000000b1700000| Untracked 
|  16|0x00000000b1800000, 0x00000000b1900000, 0x00000000b1900000|100%| O|  |TAMS 0x00000000b1900000, 0x00000000b1800000| Untracked 
|  17|0x00000000b1900000, 0x00000000b1a00000, 0x00000000b1a00000|100%| O|  |TAMS 0x00000000b1a00000, 0x00000000b1900000| Untracked 
|  18|0x00000000b1a00000, 0x00000000b1b00000, 0x00000000b1b00000|100%| O|  |TAMS 0x00000000b1b00000, 0x00000000b1a00000| Untracked 
|  19|0x00000000b1b00000, 0x00000000b1c00000, 0x00000000b1c00000|100%| O|  |TAMS 0x00000000b1c00000, 0x00000000b1b00000| Untracked 
|  20|0x00000000b1c00000, 0x00000000b1d00000, 0x00000000b1d00000|100%| O|  |TAMS 0x00000000b1d00000, 0x00000000b1c00000| Untracked 
|  21|0x00000000b1d00000, 0x00000000b1e00000, 0x00000000b1e00000|100%| O|  |TAMS 0x00000000b1e00000, 0x00000000b1d00000| Untracked 
|  22|0x00000000b1e00000, 0x00000000b1f00000, 0x00000000b1f00000|100%| O|  |TAMS 0x00000000b1f00000, 0x00000000b1e00000| Untracked 
|  23|0x00000000b1f00000, 0x00000000b2000000, 0x00000000b2000000|100%| O|  |TAMS 0x00000000b2000000, 0x00000000b1f00000| Untracked 
|  24|0x00000000b2000000, 0x00000000b2100000, 0x00000000b2100000|100%| O|  |TAMS 0x00000000b2100000, 0x00000000b2000000| Untracked 
|  25|0x00000000b2100000, 0x00000000b2200000, 0x00000000b2200000|100%| O|  |TAMS 0x00000000b2200000, 0x00000000b2100000| Untracked 
|  26|0x00000000b2200000, 0x00000000b2300000, 0x00000000b2300000|100%| O|  |TAMS 0x00000000b2300000, 0x00000000b2200000| Untracked 
|  27|0x00000000b2300000, 0x00000000b2400000, 0x00000000b2400000|100%| O|  |TAMS 0x00000000b23fac00, 0x00000000b2300000| Untracked 
|  28|0x00000000b2400000, 0x00000000b2500000, 0x00000000b2500000|100%| O|  |TAMS 0x00000000b2400000, 0x00000000b2400000| Untracked 
|  29|0x00000000b2500000, 0x00000000b2600000, 0x00000000b2600000|100%| O|  |TAMS 0x00000000b2500000, 0x00000000b2500000| Untracked 
|  30|0x00000000b2600000, 0x00000000b2700000, 0x00000000b2700000|100%| O|  |TAMS 0x00000000b2600000, 0x00000000b2600000| Untracked 
|  31|0x00000000b2700000, 0x00000000b2800000, 0x00000000b2800000|100%| O|  |TAMS 0x00000000b2700000, 0x00000000b2700000| Untracked 
|  32|0x00000000b2800000, 0x00000000b2900000, 0x00000000b2900000|100%| O|  |TAMS 0x00000000b2800000, 0x00000000b2800000| Untracked 
|  33|0x00000000b2900000, 0x00000000b2a00000, 0x00000000b2a00000|100%| O|  |TAMS 0x00000000b2900000, 0x00000000b2900000| Untracked 
|  34|0x00000000b2a00000, 0x00000000b2b00000, 0x00000000b2b00000|100%| O|  |TAMS 0x00000000b2a00000, 0x00000000b2a00000| Untracked 
|  35|0x00000000b2b00000, 0x00000000b2c00000, 0x00000000b2c00000|100%| O|  |TAMS 0x00000000b2b00000, 0x00000000b2b00000| Untracked 
|  36|0x00000000b2c00000, 0x00000000b2d00000, 0x00000000b2d00000|100%| O|  |TAMS 0x00000000b2c00000, 0x00000000b2c00000| Untracked 
|  37|0x00000000b2d00000, 0x00000000b2e00000, 0x00000000b2e00000|100%| O|  |TAMS 0x00000000b2d00000, 0x00000000b2d00000| Untracked 
|  38|0x00000000b2e00000, 0x00000000b2f00000, 0x00000000b2f00000|100%| O|  |TAMS 0x00000000b2e00000, 0x00000000b2e00000| Untracked 
|  39|0x00000000b2f00000, 0x00000000b3000000, 0x00000000b3000000|100%| O|  |TAMS 0x00000000b2f00000, 0x00000000b2f00000| Untracked 
|  40|0x00000000b3000000, 0x00000000b3100000, 0x00000000b3100000|100%| O|  |TAMS 0x00000000b3000000, 0x00000000b3000000| Untracked 
|  41|0x00000000b3100000, 0x00000000b3200000, 0x00000000b3200000|100%| O|  |TAMS 0x00000000b3100000, 0x00000000b3100000| Untracked 
|  42|0x00000000b3200000, 0x00000000b3300000, 0x00000000b3300000|100%| O|  |TAMS 0x00000000b3200000, 0x00000000b3200000| Untracked 
|  43|0x00000000b3300000, 0x00000000b3400000, 0x00000000b3400000|100%| O|  |TAMS 0x00000000b3300000, 0x00000000b3300000| Untracked 
|  44|0x00000000b3400000, 0x00000000b3500000, 0x00000000b3500000|100%| O|  |TAMS 0x00000000b3400000, 0x00000000b3400000| Untracked 
|  45|0x00000000b3500000, 0x00000000b3600000, 0x00000000b3600000|100%| O|  |TAMS 0x00000000b3500000, 0x00000000b3500000| Untracked 
|  46|0x00000000b3600000, 0x00000000b3700000, 0x00000000b3700000|100%| O|  |TAMS 0x00000000b3600000, 0x00000000b3600000| Untracked 
|  47|0x00000000b3700000, 0x00000000b3800000, 0x00000000b3800000|100%| O|  |TAMS 0x00000000b3700000, 0x00000000b3700000| Untracked 
|  48|0x00000000b3800000, 0x00000000b3900000, 0x00000000b3900000|100%| O|  |TAMS 0x00000000b3800000, 0x00000000b3800000| Untracked 
|  49|0x00000000b3900000, 0x00000000b3a00000, 0x00000000b3a00000|100%| O|  |TAMS 0x00000000b3900000, 0x00000000b3900000| Untracked 
|  50|0x00000000b3a00000, 0x00000000b3b00000, 0x00000000b3b00000|100%| O|  |TAMS 0x00000000b3a00000, 0x00000000b3a00000| Untracked 
|  51|0x00000000b3b00000, 0x00000000b3b9bc00, 0x00000000b3c00000| 60%| O|  |TAMS 0x00000000b3b00000, 0x00000000b3b00000| Untracked 
|  52|0x00000000b3c00000, 0x00000000b3c00000, 0x00000000b3d00000|  0%| F|  |TAMS 0x00000000b3c00000, 0x00000000b3c00000| Untracked 
|  53|0x00000000b3d00000, 0x00000000b3d00000, 0x00000000b3e00000|  0%| F|  |TAMS 0x00000000b3d00000, 0x00000000b3d00000| Untracked 
|  54|0x00000000b3e00000, 0x00000000b3e00000, 0x00000000b3f00000|  0%| F|  |TAMS 0x00000000b3e00000, 0x00000000b3e00000| Untracked 
|  55|0x00000000b3f00000, 0x00000000b3f00000, 0x00000000b4000000|  0%| F|  |TAMS 0x00000000b3f00000, 0x00000000b3f00000| Untracked 
|  56|0x00000000b4000000, 0x00000000b4000000, 0x00000000b4100000|  0%| F|  |TAMS 0x00000000b4000000, 0x00000000b4000000| Untracked 
|  57|0x00000000b4100000, 0x00000000b4100000, 0x00000000b4200000|  0%| F|  |TAMS 0x00000000b4100000, 0x00000000b4100000| Untracked 
|  58|0x00000000b4200000, 0x00000000b4200000, 0x00000000b4300000|  0%| F|  |TAMS 0x00000000b4200000, 0x00000000b4200000| Untracked 
|  59|0x00000000b4300000, 0x00000000b4300000, 0x00000000b4400000|  0%| F|  |TAMS 0x00000000b4300000, 0x00000000b4300000| Untracked 
|  60|0x00000000b4400000, 0x00000000b4400000, 0x00000000b4500000|  0%| F|  |TAMS 0x00000000b4400000, 0x00000000b4400000| Untracked 
|  61|0x00000000b4500000, 0x00000000b4500000, 0x00000000b4600000|  0%| F|  |TAMS 0x00000000b4500000, 0x00000000b4500000| Untracked 
|  62|0x00000000b4600000, 0x00000000b4600000, 0x00000000b4700000|  0%| F|  |TAMS 0x00000000b4600000, 0x00000000b4600000| Untracked 
|  63|0x00000000b4700000, 0x00000000b4700000, 0x00000000b4800000|  0%| F|  |TAMS 0x00000000b4700000, 0x00000000b4700000| Untracked 
|  64|0x00000000b4800000, 0x00000000b4800000, 0x00000000b4900000|  0%| F|  |TAMS 0x00000000b4800000, 0x00000000b4800000| Untracked 
|  65|0x00000000b4900000, 0x00000000b4900000, 0x00000000b4a00000|  0%| F|  |TAMS 0x00000000b4900000, 0x00000000b4900000| Untracked 
|  66|0x00000000b4a00000, 0x00000000b4a00000, 0x00000000b4b00000|  0%| F|  |TAMS 0x00000000b4a00000, 0x00000000b4a00000| Untracked 
|  67|0x00000000b4b00000, 0x00000000b4b541c0, 0x00000000b4c00000| 32%| S|CS|TAMS 0x00000000b4b00000, 0x00000000b4b00000| Complete 
|  68|0x00000000b4c00000, 0x00000000b4c00000, 0x00000000b4d00000|  0%| F|  |TAMS 0x00000000b4c00000, 0x00000000b4c00000| Untracked 
|  69|0x00000000b4d00000, 0x00000000b4d00000, 0x00000000b4e00000|  0%| F|  |TAMS 0x00000000b4d00000, 0x00000000b4d00000| Untracked 
|  70|0x00000000b4e00000, 0x00000000b4e00000, 0x00000000b4f00000|  0%| F|  |TAMS 0x00000000b4e00000, 0x00000000b4e00000| Untracked 
|  71|0x00000000b4f00000, 0x00000000b4f00000, 0x00000000b5000000|  0%| F|  |TAMS 0x00000000b4f00000, 0x00000000b4f00000| Untracked 
|  72|0x00000000b5000000, 0x00000000b5000000, 0x00000000b5100000|  0%| F|  |TAMS 0x00000000b5000000, 0x00000000b5000000| Untracked 
|  73|0x00000000b5100000, 0x00000000b5100000, 0x00000000b5200000|  0%| F|  |TAMS 0x00000000b5100000, 0x00000000b5100000| Untracked 
|  74|0x00000000b5200000, 0x00000000b5300000, 0x00000000b5300000|100%| S|CS|TAMS 0x00000000b5200000, 0x00000000b5200000| Complete 
|  75|0x00000000b5300000, 0x00000000b5400000, 0x00000000b5400000|100%| S|CS|TAMS 0x00000000b5300000, 0x00000000b5300000| Complete 
|  76|0x00000000b5400000, 0x00000000b5500000, 0x00000000b5500000|100%| S|CS|TAMS 0x00000000b5400000, 0x00000000b5400000| Complete 
|  77|0x00000000b5500000, 0x00000000b5600000, 0x00000000b5600000|100%| S|CS|TAMS 0x00000000b5500000, 0x00000000b5500000| Complete 
|  78|0x00000000b5600000, 0x00000000b5700000, 0x00000000b5700000|100%| S|CS|TAMS 0x00000000b5600000, 0x00000000b5600000| Complete 
|  79|0x00000000b5700000, 0x00000000b5700000, 0x00000000b5800000|  0%| F|  |TAMS 0x00000000b5700000, 0x00000000b5700000| Untracked 
|  80|0x00000000b5800000, 0x00000000b5800000, 0x00000000b5900000|  0%| F|  |TAMS 0x00000000b5800000, 0x00000000b5800000| Untracked 
|  81|0x00000000b5900000, 0x00000000b5900000, 0x00000000b5a00000|  0%| F|  |TAMS 0x00000000b5900000, 0x00000000b5900000| Untracked 
|  82|0x00000000b5a00000, 0x00000000b5b00000, 0x00000000b5b00000|100%| S|CS|TAMS 0x00000000b5a00000, 0x00000000b5a00000| Complete 
|  83|0x00000000b5b00000, 0x00000000b5b00000, 0x00000000b5c00000|  0%| F|  |TAMS 0x00000000b5b00000, 0x00000000b5b00000| Untracked 
|  84|0x00000000b5c00000, 0x00000000b5c00000, 0x00000000b5d00000|  0%| F|  |TAMS 0x00000000b5c00000, 0x00000000b5c00000| Untracked 
|  85|0x00000000b5d00000, 0x00000000b5d00000, 0x00000000b5e00000|  0%| F|  |TAMS 0x00000000b5d00000, 0x00000000b5d00000| Untracked 
|  86|0x00000000b5e00000, 0x00000000b5e00000, 0x00000000b5f00000|  0%| F|  |TAMS 0x00000000b5e00000, 0x00000000b5e00000| Untracked 
|  87|0x00000000b5f00000, 0x00000000b5f00000, 0x00000000b6000000|  0%| F|  |TAMS 0x00000000b5f00000, 0x00000000b5f00000| Untracked 
|  88|0x00000000b6000000, 0x00000000b6000000, 0x00000000b6100000|  0%| F|  |TAMS 0x00000000b6000000, 0x00000000b6000000| Untracked 
|  89|0x00000000b6100000, 0x00000000b6100000, 0x00000000b6200000|  0%| F|  |TAMS 0x00000000b6100000, 0x00000000b6100000| Untracked 
|  90|0x00000000b6200000, 0x00000000b6200000, 0x00000000b6300000|  0%| F|  |TAMS 0x00000000b6200000, 0x00000000b6200000| Untracked 
|  91|0x00000000b6300000, 0x00000000b6300000, 0x00000000b6400000|  0%| F|  |TAMS 0x00000000b6300000, 0x00000000b6300000| Untracked 
|  92|0x00000000b6400000, 0x00000000b6400000, 0x00000000b6500000|  0%| F|  |TAMS 0x00000000b6400000, 0x00000000b6400000| Untracked 
|  93|0x00000000b6500000, 0x00000000b6500000, 0x00000000b6600000|  0%| F|  |TAMS 0x00000000b6500000, 0x00000000b6500000| Untracked 
|  94|0x00000000b6600000, 0x00000000b6600000, 0x00000000b6700000|  0%| F|  |TAMS 0x00000000b6600000, 0x00000000b6600000| Untracked 
|  95|0x00000000b6700000, 0x00000000b6700000, 0x00000000b6800000|  0%| F|  |TAMS 0x00000000b6700000, 0x00000000b6700000| Untracked 
|  96|0x00000000b6800000, 0x00000000b6800000, 0x00000000b6900000|  0%| F|  |TAMS 0x00000000b6800000, 0x00000000b6800000| Untracked 
|  97|0x00000000b6900000, 0x00000000b6900000, 0x00000000b6a00000|  0%| F|  |TAMS 0x00000000b6900000, 0x00000000b6900000| Untracked 
|  98|0x00000000b6a00000, 0x00000000b6a00000, 0x00000000b6b00000|  0%| F|  |TAMS 0x00000000b6a00000, 0x00000000b6a00000| Untracked 
|  99|0x00000000b6b00000, 0x00000000b6b00000, 0x00000000b6c00000|  0%| F|  |TAMS 0x00000000b6b00000, 0x00000000b6b00000| Untracked 
| 100|0x00000000b6c00000, 0x00000000b6c00000, 0x00000000b6d00000|  0%| F|  |TAMS 0x00000000b6c00000, 0x00000000b6c00000| Untracked 
| 101|0x00000000b6d00000, 0x00000000b6d00000, 0x00000000b6e00000|  0%| F|  |TAMS 0x00000000b6d00000, 0x00000000b6d00000| Untracked 
| 102|0x00000000b6e00000, 0x00000000b6e00000, 0x00000000b6f00000|  0%| F|  |TAMS 0x00000000b6e00000, 0x00000000b6e00000| Untracked 
| 103|0x00000000b6f00000, 0x00000000b6f00000, 0x00000000b7000000|  0%| F|  |TAMS 0x00000000b6f00000, 0x00000000b6f00000| Untracked 
| 104|0x00000000b7000000, 0x00000000b7000000, 0x00000000b7100000|  0%| F|  |TAMS 0x00000000b7000000, 0x00000000b7000000| Untracked 
| 105|0x00000000b7100000, 0x00000000b7100000, 0x00000000b7200000|  0%| F|  |TAMS 0x00000000b7100000, 0x00000000b7100000| Untracked 
| 106|0x00000000b7200000, 0x00000000b7200000, 0x00000000b7300000|  0%| F|  |TAMS 0x00000000b7200000, 0x00000000b7200000| Untracked 
| 107|0x00000000b7300000, 0x00000000b7300000, 0x00000000b7400000|  0%| F|  |TAMS 0x00000000b7300000, 0x00000000b7300000| Untracked 
| 108|0x00000000b7400000, 0x00000000b7400000, 0x00000000b7500000|  0%| F|  |TAMS 0x00000000b7400000, 0x00000000b7400000| Untracked 
| 109|0x00000000b7500000, 0x00000000b7500000, 0x00000000b7600000|  0%| F|  |TAMS 0x00000000b7500000, 0x00000000b7500000| Untracked 
| 110|0x00000000b7600000, 0x00000000b7600000, 0x00000000b7700000|  0%| F|  |TAMS 0x00000000b7600000, 0x00000000b7600000| Untracked 
| 111|0x00000000b7700000, 0x00000000b7700000, 0x00000000b7800000|  0%| F|  |TAMS 0x00000000b7700000, 0x00000000b7700000| Untracked 
| 112|0x00000000b7800000, 0x00000000b7800000, 0x00000000b7900000|  0%| F|  |TAMS 0x00000000b7800000, 0x00000000b7800000| Untracked 
| 113|0x00000000b7900000, 0x00000000b7900000, 0x00000000b7a00000|  0%| F|  |TAMS 0x00000000b7900000, 0x00000000b7900000| Untracked 
| 114|0x00000000b7a00000, 0x00000000b7a00000, 0x00000000b7b00000|  0%| F|  |TAMS 0x00000000b7a00000, 0x00000000b7a00000| Untracked 
| 115|0x00000000b7b00000, 0x00000000b7b00000, 0x00000000b7c00000|  0%| F|  |TAMS 0x00000000b7b00000, 0x00000000b7b00000| Untracked 
| 116|0x00000000b7c00000, 0x00000000b7c00000, 0x00000000b7d00000|  0%| F|  |TAMS 0x00000000b7c00000, 0x00000000b7c00000| Untracked 
| 117|0x00000000b7d00000, 0x00000000b7d00000, 0x00000000b7e00000|  0%| F|  |TAMS 0x00000000b7d00000, 0x00000000b7d00000| Untracked 
| 118|0x00000000b7e00000, 0x00000000b7e00000, 0x00000000b7f00000|  0%| F|  |TAMS 0x00000000b7e00000, 0x00000000b7e00000| Untracked 
| 119|0x00000000b7f00000, 0x00000000b7f00000, 0x00000000b8000000|  0%| F|  |TAMS 0x00000000b7f00000, 0x00000000b7f00000| Untracked 
| 120|0x00000000b8000000, 0x00000000b8000000, 0x00000000b8100000|  0%| F|  |TAMS 0x00000000b8000000, 0x00000000b8000000| Untracked 
| 121|0x00000000b8100000, 0x00000000b8100000, 0x00000000b8200000|  0%| F|  |TAMS 0x00000000b8100000, 0x00000000b8100000| Untracked 
| 122|0x00000000b8200000, 0x00000000b8200000, 0x00000000b8300000|  0%| F|  |TAMS 0x00000000b8200000, 0x00000000b8200000| Untracked 
| 123|0x00000000b8300000, 0x00000000b8300000, 0x00000000b8400000|  0%| F|  |TAMS 0x00000000b8300000, 0x00000000b8300000| Untracked 
| 124|0x00000000b8400000, 0x00000000b8400000, 0x00000000b8500000|  0%| F|  |TAMS 0x00000000b8400000, 0x00000000b8400000| Untracked 
| 125|0x00000000b8500000, 0x00000000b8500000, 0x00000000b8600000|  0%| F|  |TAMS 0x00000000b8500000, 0x00000000b8500000| Untracked 
| 126|0x00000000b8600000, 0x00000000b8600000, 0x00000000b8700000|  0%| F|  |TAMS 0x00000000b8600000, 0x00000000b8600000| Untracked 
| 127|0x00000000b8700000, 0x00000000b8700000, 0x00000000b8800000|  0%| F|  |TAMS 0x00000000b8700000, 0x00000000b8700000| Untracked 
| 128|0x00000000b8800000, 0x00000000b8800000, 0x00000000b8900000|  0%| F|  |TAMS 0x00000000b8800000, 0x00000000b8800000| Untracked 
| 129|0x00000000b8900000, 0x00000000b8900000, 0x00000000b8a00000|  0%| F|  |TAMS 0x00000000b8900000, 0x00000000b8900000| Untracked 
| 130|0x00000000b8a00000, 0x00000000b8a00000, 0x00000000b8b00000|  0%| F|  |TAMS 0x00000000b8a00000, 0x00000000b8a00000| Untracked 
| 131|0x00000000b8b00000, 0x00000000b8b00000, 0x00000000b8c00000|  0%| F|  |TAMS 0x00000000b8b00000, 0x00000000b8b00000| Untracked 
| 132|0x00000000b8c00000, 0x00000000b8c00000, 0x00000000b8d00000|  0%| F|  |TAMS 0x00000000b8c00000, 0x00000000b8c00000| Untracked 
| 133|0x00000000b8d00000, 0x00000000b8d00000, 0x00000000b8e00000|  0%| F|  |TAMS 0x00000000b8d00000, 0x00000000b8d00000| Untracked 
| 134|0x00000000b8e00000, 0x00000000b8e00000, 0x00000000b8f00000|  0%| F|  |TAMS 0x00000000b8e00000, 0x00000000b8e00000| Untracked 
| 135|0x00000000b8f00000, 0x00000000b8f00000, 0x00000000b9000000|  0%| F|  |TAMS 0x00000000b8f00000, 0x00000000b8f00000| Untracked 
| 136|0x00000000b9000000, 0x00000000b9000000, 0x00000000b9100000|  0%| F|  |TAMS 0x00000000b9000000, 0x00000000b9000000| Untracked 
| 137|0x00000000b9100000, 0x00000000b9100000, 0x00000000b9200000|  0%| F|  |TAMS 0x00000000b9100000, 0x00000000b9100000| Untracked 
| 138|0x00000000b9200000, 0x00000000b9200000, 0x00000000b9300000|  0%| F|  |TAMS 0x00000000b9200000, 0x00000000b9200000| Untracked 
| 139|0x00000000b9300000, 0x00000000b9300000, 0x00000000b9400000|  0%| F|  |TAMS 0x00000000b9300000, 0x00000000b9300000| Untracked 
| 140|0x00000000b9400000, 0x00000000b9400000, 0x00000000b9500000|  0%| F|  |TAMS 0x00000000b9400000, 0x00000000b9400000| Untracked 
| 141|0x00000000b9500000, 0x00000000b9500000, 0x00000000b9600000|  0%| F|  |TAMS 0x00000000b9500000, 0x00000000b9500000| Untracked 
| 142|0x00000000b9600000, 0x00000000b9600000, 0x00000000b9700000|  0%| F|  |TAMS 0x00000000b9600000, 0x00000000b9600000| Untracked 
| 143|0x00000000b9700000, 0x00000000b9700000, 0x00000000b9800000|  0%| F|  |TAMS 0x00000000b9700000, 0x00000000b9700000| Untracked 
| 144|0x00000000b9800000, 0x00000000b9800000, 0x00000000b9900000|  0%| F|  |TAMS 0x00000000b9800000, 0x00000000b9800000| Untracked 
| 145|0x00000000b9900000, 0x00000000b9900000, 0x00000000b9a00000|  0%| F|  |TAMS 0x00000000b9900000, 0x00000000b9900000| Untracked 
| 146|0x00000000b9a00000, 0x00000000b9a00000, 0x00000000b9b00000|  0%| F|  |TAMS 0x00000000b9a00000, 0x00000000b9a00000| Untracked 
| 147|0x00000000b9b00000, 0x00000000b9b00000, 0x00000000b9c00000|  0%| F|  |TAMS 0x00000000b9b00000, 0x00000000b9b00000| Untracked 
| 148|0x00000000b9c00000, 0x00000000b9c00000, 0x00000000b9d00000|  0%| F|  |TAMS 0x00000000b9c00000, 0x00000000b9c00000| Untracked 
| 149|0x00000000b9d00000, 0x00000000b9d00000, 0x00000000b9e00000|  0%| F|  |TAMS 0x00000000b9d00000, 0x00000000b9d00000| Untracked 
| 150|0x00000000b9e00000, 0x00000000b9e00000, 0x00000000b9f00000|  0%| F|  |TAMS 0x00000000b9e00000, 0x00000000b9e00000| Untracked 
| 151|0x00000000b9f00000, 0x00000000b9f00000, 0x00000000ba000000|  0%| F|  |TAMS 0x00000000b9f00000, 0x00000000b9f00000| Untracked 
| 152|0x00000000ba000000, 0x00000000ba000000, 0x00000000ba100000|  0%| F|  |TAMS 0x00000000ba000000, 0x00000000ba000000| Untracked 
| 153|0x00000000ba100000, 0x00000000ba100000, 0x00000000ba200000|  0%| F|  |TAMS 0x00000000ba100000, 0x00000000ba100000| Untracked 
| 154|0x00000000ba200000, 0x00000000ba200000, 0x00000000ba300000|  0%| F|  |TAMS 0x00000000ba200000, 0x00000000ba200000| Untracked 
| 155|0x00000000ba300000, 0x00000000ba300000, 0x00000000ba400000|  0%| F|  |TAMS 0x00000000ba300000, 0x00000000ba300000| Untracked 
| 156|0x00000000ba400000, 0x00000000ba4995e0, 0x00000000ba500000| 59%| E|  |TAMS 0x00000000ba400000, 0x00000000ba400000| Complete 
| 157|0x00000000ba500000, 0x00000000ba600000, 0x00000000ba600000|100%| E|CS|TAMS 0x00000000ba500000, 0x00000000ba500000| Complete 
| 158|0x00000000ba600000, 0x00000000ba700000, 0x00000000ba700000|100%| E|CS|TAMS 0x00000000ba600000, 0x00000000ba600000| Complete 
| 159|0x00000000ba700000, 0x00000000ba800000, 0x00000000ba800000|100%| E|CS|TAMS 0x00000000ba700000, 0x00000000ba700000| Complete 
| 160|0x00000000ba800000, 0x00000000ba900000, 0x00000000ba900000|100%| E|CS|TAMS 0x00000000ba800000, 0x00000000ba800000| Complete 
| 161|0x00000000ba900000, 0x00000000baa00000, 0x00000000baa00000|100%| E|CS|TAMS 0x00000000ba900000, 0x00000000ba900000| Complete 
| 162|0x00000000baa00000, 0x00000000bab00000, 0x00000000bab00000|100%| E|CS|TAMS 0x00000000baa00000, 0x00000000baa00000| Complete 
| 163|0x00000000bab00000, 0x00000000bac00000, 0x00000000bac00000|100%| E|CS|TAMS 0x00000000bab00000, 0x00000000bab00000| Complete 
| 164|0x00000000bac00000, 0x00000000bad00000, 0x00000000bad00000|100%| E|CS|TAMS 0x00000000bac00000, 0x00000000bac00000| Complete 
| 165|0x00000000bad00000, 0x00000000bae00000, 0x00000000bae00000|100%| E|CS|TAMS 0x00000000bad00000, 0x00000000bad00000| Complete 
| 166|0x00000000bae00000, 0x00000000baf00000, 0x00000000baf00000|100%| E|CS|TAMS 0x00000000bae00000, 0x00000000bae00000| Complete 
| 167|0x00000000baf00000, 0x00000000bb000000, 0x00000000bb000000|100%| E|CS|TAMS 0x00000000baf00000, 0x00000000baf00000| Complete 
| 168|0x00000000bb000000, 0x00000000bb100000, 0x00000000bb100000|100%| E|CS|TAMS 0x00000000bb000000, 0x00000000bb000000| Complete 
| 169|0x00000000bb100000, 0x00000000bb200000, 0x00000000bb200000|100%| E|CS|TAMS 0x00000000bb100000, 0x00000000bb100000| Complete 
| 170|0x00000000bb200000, 0x00000000bb300000, 0x00000000bb300000|100%| E|CS|TAMS 0x00000000bb200000, 0x00000000bb200000| Complete 
| 171|0x00000000bb300000, 0x00000000bb400000, 0x00000000bb400000|100%| E|CS|TAMS 0x00000000bb300000, 0x00000000bb300000| Complete 
| 172|0x00000000bb400000, 0x00000000bb500000, 0x00000000bb500000|100%| E|CS|TAMS 0x00000000bb400000, 0x00000000bb400000| Complete 
| 173|0x00000000bb500000, 0x00000000bb600000, 0x00000000bb600000|100%| E|CS|TAMS 0x00000000bb500000, 0x00000000bb500000| Complete 
| 174|0x00000000bb600000, 0x00000000bb700000, 0x00000000bb700000|100%| E|CS|TAMS 0x00000000bb600000, 0x00000000bb600000| Complete 
| 175|0x00000000bb700000, 0x00000000bb800000, 0x00000000bb800000|100%| E|CS|TAMS 0x00000000bb700000, 0x00000000bb700000| Complete 
| 176|0x00000000bb800000, 0x00000000bb900000, 0x00000000bb900000|100%| E|CS|TAMS 0x00000000bb800000, 0x00000000bb800000| Complete 
| 177|0x00000000bb900000, 0x00000000bba00000, 0x00000000bba00000|100%| E|CS|TAMS 0x00000000bb900000, 0x00000000bb900000| Complete 
| 178|0x00000000bba00000, 0x00000000bbb00000, 0x00000000bbb00000|100%| E|CS|TAMS 0x00000000bba00000, 0x00000000bba00000| Complete 
| 179|0x00000000bbb00000, 0x00000000bbc00000, 0x00000000bbc00000|100%| E|CS|TAMS 0x00000000bbb00000, 0x00000000bbb00000| Complete 
| 180|0x00000000bbc00000, 0x00000000bbd00000, 0x00000000bbd00000|100%| E|CS|TAMS 0x00000000bbc00000, 0x00000000bbc00000| Complete 
| 181|0x00000000bbd00000, 0x00000000bbe00000, 0x00000000bbe00000|100%| E|CS|TAMS 0x00000000bbd00000, 0x00000000bbd00000| Complete 
| 182|0x00000000bbe00000, 0x00000000bbf00000, 0x00000000bbf00000|100%| E|CS|TAMS 0x00000000bbe00000, 0x00000000bbe00000| Complete 
| 183|0x00000000bbf00000, 0x00000000bc000000, 0x00000000bc000000|100%| E|CS|TAMS 0x00000000bbf00000, 0x00000000bbf00000| Complete 
| 184|0x00000000bc000000, 0x00000000bc100000, 0x00000000bc100000|100%| E|CS|TAMS 0x00000000bc000000, 0x00000000bc000000| Complete 
| 185|0x00000000bc100000, 0x00000000bc200000, 0x00000000bc200000|100%| E|CS|TAMS 0x00000000bc100000, 0x00000000bc100000| Complete 
| 186|0x00000000bc200000, 0x00000000bc300000, 0x00000000bc300000|100%| E|CS|TAMS 0x00000000bc200000, 0x00000000bc200000| Complete 
| 187|0x00000000bc300000, 0x00000000bc400000, 0x00000000bc400000|100%| E|CS|TAMS 0x00000000bc300000, 0x00000000bc300000| Complete 
| 188|0x00000000bc400000, 0x00000000bc500000, 0x00000000bc500000|100%| E|CS|TAMS 0x00000000bc400000, 0x00000000bc400000| Complete 
| 189|0x00000000bc500000, 0x00000000bc600000, 0x00000000bc600000|100%| E|CS|TAMS 0x00000000bc500000, 0x00000000bc500000| Complete 
| 190|0x00000000bc600000, 0x00000000bc700000, 0x00000000bc700000|100%| E|CS|TAMS 0x00000000bc600000, 0x00000000bc600000| Complete 
| 191|0x00000000bc700000, 0x00000000bc800000, 0x00000000bc800000|100%| E|CS|TAMS 0x00000000bc700000, 0x00000000bc700000| Complete 
| 192|0x00000000bc800000, 0x00000000bc900000, 0x00000000bc900000|100%| E|CS|TAMS 0x00000000bc800000, 0x00000000bc800000| Complete 
| 193|0x00000000bc900000, 0x00000000bca00000, 0x00000000bca00000|100%| E|CS|TAMS 0x00000000bc900000, 0x00000000bc900000| Complete 
| 194|0x00000000bca00000, 0x00000000bcb00000, 0x00000000bcb00000|100%| E|CS|TAMS 0x00000000bca00000, 0x00000000bca00000| Complete 
| 195|0x00000000bcb00000, 0x00000000bcc00000, 0x00000000bcc00000|100%| E|CS|TAMS 0x00000000bcb00000, 0x00000000bcb00000| Complete 
| 196|0x00000000bcc00000, 0x00000000bcd00000, 0x00000000bcd00000|100%| E|CS|TAMS 0x00000000bcc00000, 0x00000000bcc00000| Complete 

Card table byte_map: [0x000000001a500000,0x000000001a780000] _byte_map_base: 0x0000000019f7c000

Marking Bits (Prev, Next): (CMBitMap*) 0x00000000003453d8, (CMBitMap*) 0x0000000000345410
 Prev Bits: [0x000000001aa00000, 0x000000001bde0000)
 Next Bits: [0x000000001bde0000, 0x000000001d1c0000)

Polling page: 0x0000000000280000

Metaspace:

Usage:
  Non-class:     60.70 MB capacity,    58.91 MB ( 97%) used,     1.41 MB (  2%) free+waste,   385.38 KB ( <1%) overhead. 
      Class:     10.33 MB capacity,     8.99 MB ( 87%) used,     1.15 MB ( 11%) free+waste,   188.19 KB (  2%) overhead. 
       Both:     71.03 MB capacity,    67.90 MB ( 96%) used,     2.57 MB (  4%) free+waste,   573.56 KB ( <1%) overhead. 

Virtual space:
  Non-class space:       62.00 MB reserved,      60.83 MB ( 98%) committed 
      Class space:        1.00 GB reserved,      10.43 MB (  1%) committed 
             Both:        1.06 GB reserved,      71.26 MB (  7%) committed 

Chunk freelists:
   Non-Class:  256 bytes
       Class:  2.13 KB
        Both:  2.38 KB

CodeHeap 'non-profiled nmethods': size=120064Kb used=3929Kb max_used=3929Kb free=116134Kb
 bounds [0x0000000012520000, 0x0000000012900000, 0x0000000019a60000]
CodeHeap 'profiled nmethods': size=120000Kb used=16912Kb max_used=16912Kb free=103087Kb
 bounds [0x000000000aff0000, 0x000000000c080000, 0x0000000012520000]
CodeHeap 'non-nmethods': size=5696Kb used=1572Kb max_used=1640Kb free=4123Kb
 bounds [0x000000000aa60000, 0x000000000acd0000, 0x000000000aff0000]
 total_blobs=12053 nmethods=8694 adapters=1037
 compilation: enabled
              stopped_count=0, restarted_count=0
 full_count=0

Compilation events (10 events):
Event: 50.695 Thread 0x000000002081e000 9336   !   3       com.sun.javafx.tk.quantum.GlassViewEventHandler$MouseEventNotification::run (635 bytes)
Event: 50.698 Thread 0x000000002081e000 nmethod 9336 0x000000000c073490 code [0x000000000c0737a0, 0x000000000c074b70]
Event: 50.698 Thread 0x000000002081e000 9337       3       com.sun.javafx.tk.quantum.GlassViewEventHandler::access$500 (5 bytes)
Event: 50.698 Thread 0x000000002081e000 nmethod 9337 0x000000000c075490 code [0x000000000c075640, 0x000000000c0757b0]
Event: 50.698 Thread 0x000000002081e000 9338       3       com.sun.javafx.tk.quantum.GlassViewEventHandler::mouseEventType (102 bytes)
Event: 50.699 Thread 0x000000002081e000 nmethod 9338 0x000000000c075890 code [0x000000000c075a80, 0x000000000c075e70]
Event: 50.701 Thread 0x000000002081e000 9339       3       javafx.scene.layout.Region::doComputeContains (445 bytes)
Event: 50.706 Thread 0x000000002081e000 nmethod 9339 0x000000000c075f90 code [0x000000000c076440, 0x000000000c0788c0]
Event: 50.725 Thread 0x000000002081e000 9340       1       com.sun.prism.impl.ps.CachingShapeRepState$MaskTexData::access$300 (5 bytes)
Event: 50.725 Thread 0x000000002081e000 nmethod 9340 0x00000000128f6010 code [0x00000000128f61c0, 0x00000000128f62b8]

GC Heap History (10 events):
Event: 24.358 GC heap before
{Heap before GC invocations=21 (full 0):
 garbage-first heap   total 118784K, used 92655K [0x00000000b0800000, 0x0000000100000000)
  region size 1024K, 46 young (47104K), 4 survivors (4096K)
 Metaspace       used 64896K, capacity 67705K, committed 67980K, reserved 1107968K
  class space    used 8802K, capacity 10013K, committed 10044K, reserved 1048576K
}
Event: 24.377 GC heap after
{Heap after GC invocations=22 (full 0):
 garbage-first heap   total 145408K, used 51748K [0x00000000b0800000, 0x0000000100000000)
  region size 1024K, 4 young (4096K), 4 survivors (4096K)
 Metaspace       used 64896K, capacity 67705K, committed 67980K, reserved 1107968K
  class space    used 8802K, capacity 10013K, committed 10044K, reserved 1048576K
}
Event: 24.498 GC heap before
{Heap before GC invocations=22 (full 0):
 garbage-first heap   total 145408K, used 107044K [0x00000000b0800000, 0x0000000100000000)
  region size 1024K, 58 young (59392K), 4 survivors (4096K)
 Metaspace       used 64965K, capacity 67793K, committed 67980K, reserved 1107968K
  class space    used 8808K, capacity 10019K, committed 10044K, reserved 1048576K
}
Event: 24.522 GC heap after
{Heap after GC invocations=23 (full 0):
 garbage-first heap   total 145408K, used 52316K [0x00000000b0800000, 0x0000000100000000)
  region size 1024K, 4 young (4096K), 4 survivors (4096K)
 Metaspace       used 64965K, capacity 67793K, committed 67980K, reserved 1107968K
  class space    used 8808K, capacity 10019K, committed 10044K, reserved 1048576K
}
Event: 24.691 GC heap before
{Heap before GC invocations=23 (full 0):
 garbage-first heap   total 145408K, used 111708K [0x00000000b0800000, 0x0000000100000000)
  region size 1024K, 63 young (64512K), 4 survivors (4096K)
 Metaspace       used 65364K, capacity 68245K, committed 68364K, reserved 1107968K
  class space    used 8891K, capacity 10106K, committed 10172K, reserved 1048576K
}
Event: 24.711 GC heap after
{Heap after GC invocations=24 (full 0):
 garbage-first heap   total 145408K, used 53106K [0x00000000b0800000, 0x0000000100000000)
  region size 1024K, 5 young (5120K), 5 survivors (5120K)
 Metaspace       used 65364K, capacity 68245K, committed 68364K, reserved 1107968K
  class space    used 8891K, capacity 10106K, committed 10172K, reserved 1048576K
}
Event: 27.320 GC heap before
{Heap before GC invocations=24 (full 0):
 garbage-first heap   total 145408K, used 113522K [0x00000000b0800000, 0x0000000100000000)
  region size 1024K, 65 young (66560K), 5 survivors (5120K)
 Metaspace       used 66967K, capacity 69960K, committed 70156K, reserved 1110016K
  class space    used 9045K, capacity 10349K, committed 10428K, reserved 1048576K
}
Event: 27.352 GC heap after
{Heap after GC invocations=25 (full 0):
 garbage-first heap   total 145408K, used 56978K [0x00000000b0800000, 0x0000000100000000)
  region size 1024K, 9 young (9216K), 9 survivors (9216K)
 Metaspace       used 66967K, capacity 69960K, committed 70156K, reserved 1110016K
  class space    used 9045K, capacity 10349K, committed 10428K, reserved 1048576K
}
Event: 31.580 GC heap before
{Heap before GC invocations=25 (full 0):
 garbage-first heap   total 145408K, used 117394K [0x00000000b0800000, 0x0000000100000000)
  region size 1024K, 68 young (69632K), 9 survivors (9216K)
 Metaspace       used 68186K, capacity 71284K, committed 71564K, reserved 1110016K
  class space    used 9114K, capacity 10473K, committed 10556K, reserved 1048576K
}
Event: 31.621 GC heap after
{Heap after GC invocations=26 (full 0):
 garbage-first heap   total 201728K, used 59327K [0x00000000b0800000, 0x0000000100000000)
  region size 1024K, 7 young (7168K), 7 survivors (7168K)
 Metaspace       used 68186K, capacity 71284K, committed 71564K, reserved 1110016K
  class space    used 9114K, capacity 10473K, committed 10556K, reserved 1048576K
}

Deoptimization events (10 events):
Event: 28.188 Thread 0x0000000022748800 Uncommon trap: reason=profile_predicate action=maybe_recompile pc=0x00000000127d0e08 method=javafx.scene.CssStyleHelper$CacheContainer.<init>(Ljavafx/scene/Node;Lcom/sun/javafx/css/StyleMap;I)V @ 164 c2
Event: 28.188 Thread 0x0000000022748800 Uncommon trap: reason=profile_predicate action=maybe_recompile pc=0x00000000127d0e08 method=javafx.scene.CssStyleHelper$CacheContainer.<init>(Ljavafx/scene/Node;Lcom/sun/javafx/css/StyleMap;I)V @ 164 c2
Event: 30.095 Thread 0x0000000022748800 Uncommon trap: reason=class_check action=maybe_recompile pc=0x00000000126d4ab4 method=javafx.scene.Node.updateLocalToParentTransform()V @ 368 c2
Event: 30.173 Thread 0x0000000021dc6800 Uncommon trap: reason=bimorphic_or_optimized_type_check action=maybe_recompile pc=0x00000000126c5bb0 method=java.util.WeakHashMap.eq(Ljava/lang/Object;Ljava/lang/Object;)Z @ 7 c2
Event: 30.173 Thread 0x0000000021dc6800 Uncommon trap: reason=bimorphic_or_optimized_type_check action=maybe_recompile pc=0x00000000126c5bb0 method=java.util.WeakHashMap.eq(Ljava/lang/Object;Ljava/lang/Object;)Z @ 7 c2
Event: 30.578 Thread 0x000000002c0c9000 Uncommon trap: reason=unstable_if action=reinterpret pc=0x000000001278615c method=sun.security.provider.DigestBase.engineUpdate(B)V @ 4 c2
Event: 30.712 Thread 0x0000000021dc6800 Uncommon trap: reason=bimorphic_or_optimized_type_check action=maybe_recompile pc=0x00000000126c5bb0 method=java.util.WeakHashMap.eq(Ljava/lang/Object;Ljava/lang/Object;)Z @ 7 c2
Event: 30.720 Thread 0x0000000021dc6800 Uncommon trap: reason=bimorphic_or_optimized_type_check action=maybe_recompile pc=0x00000000126c5bb0 method=java.util.WeakHashMap.eq(Ljava/lang/Object;Ljava/lang/Object;)Z @ 7 c2
Event: 31.621 Thread 0x0000000021a99000 Uncommon trap: reason=speculate_class_check action=maybe_recompile pc=0x0000000012710d5c method=jdk.internal.ref.PhantomCleanable.clean()V @ 12 c2
Event: 32.972 Thread 0x0000000022748800 Uncommon trap: reason=unstable_if action=reinterpret pc=0x00000000127fe6fc method=javafx.scene.CssStyleHelper.canReuseStyleHelper(Ljavafx/scene/Node;Lcom/sun/javafx/css/StyleMap;)Z @ 148 c2

Classes redefined (0 events):
No events

Internal exceptions (10 events):
Event: 30.155 Thread 0x0000000022748800 Exception <a 'java/lang/NoSuchMethodError'{0x00000000b6c6d3c8}: java.lang.invoke.DirectMethodHandle$Holder.invokeSpecial(Ljava/lang/Object;Ljava/lang/Object;IIII)Ljava/lang/Object;> (0x00000000b6c6d3c8) thrown at [t:/workspace/open/src/hotspot/share/inter
Event: 30.156 Thread 0x0000000022748800 Exception <a 'java/lang/NoSuchMethodError'{0x00000000b6c702d8}: java.lang.invoke.Invokers$Holder.linkToTargetMethod(IIIILjava/lang/Object;)Ljava/lang/Object;> (0x00000000b6c702d8) thrown at [t:/workspace/open/src/hotspot/share/interpreter/linkResolver.cpp
Event: 30.578 Thread 0x000000002c0c9000 Implicit null exception at 0x0000000012785cf2 to 0x0000000012786146
Event: 30.656 Thread 0x0000000022748800 Exception <a 'java/lang/NoSuchMethodError'{0x00000000b6bde6c0}: java.lang.invoke.DirectMethodHandle$Holder.invokeStatic(Ljava/lang/Object;IILjava/lang/Object;)Ljava/lang/Object;> (0x00000000b6bde6c0) thrown at [t:/workspace/open/src/hotspot/share/interpre
Event: 33.360 Thread 0x0000000022748800 Exception <a 'java/lang/IncompatibleClassChangeError'{0x00000000bb2f9a10}: Found class java.lang.Object, but interface was expected> (0x00000000bb2f9a10) thrown at [t:/workspace/open/src/hotspot/share/interpreter/linkResolver.cpp, line 838]
Event: 33.715 Thread 0x0000000022748800 Exception <a 'java/lang/NoSuchMethodError'{0x00000000baebdce0}: java.lang.invoke.DirectMethodHandle$Holder.invokeStatic(Ljava/lang/Object;Ljava/lang/Object;Ljava/lang/Object;II)Ljava/lang/Object;> (0x00000000baebdce0) thrown at [t:/workspace/open/src/hots
Event: 33.716 Thread 0x0000000022748800 Exception <a 'java/lang/NoSuchMethodError'{0x00000000baec14b8}: java.lang.invoke.DirectMethodHandle$Holder.invokeSpecial(Ljava/lang/Object;Ljava/lang/Object;Ljava/lang/Object;Ljava/lang/Object;II)Ljava/lang/Object;> (0x00000000baec14b8) thrown at [t:/work
Event: 33.717 Thread 0x0000000022748800 Exception <a 'java/lang/NoSuchMethodError'{0x00000000baec45b8}: java.lang.invoke.Invokers$Holder.linkToTargetMethod(Ljava/lang/Object;Ljava/lang/Object;IILjava/lang/Object;)Ljava/lang/Object;> (0x00000000baec45b8) thrown at [t:/workspace/open/src/hotspot/
Event: 38.192 Thread 0x0000000022748800 Exception <a 'java/lang/IncompatibleClassChangeError'{0x00000000bab77210}: Found class java.lang.Object, but interface was expected> (0x00000000bab77210) thrown at [t:/workspace/open/src/hotspot/share/interpreter/linkResolver.cpp, line 838]
Event: 39.121 Thread 0x0000000022748800 Exception <a 'java/lang/NoSuchMethodError'{0x00000000ba84b260}: java.lang.invoke.DirectMethodHandle$Holder.invokeStatic(Ljava/lang/Object;Ljava/lang/Object;Ljava/lang/Object;DDDDIIIIIIIII)Ljava/lang/Object;> (0x00000000ba84b260) thrown at [t:/workspace/op

Events (10 events):
Event: 46.198 Thread 0x000000002081f800 flushing nmethod 0x000000000b0ba110
Event: 46.198 Thread 0x000000002081f800 flushing nmethod 0x000000000b119b10
Event: 46.851 Thread 0x000000002c0c9000 Thread added: 0x000000002c0c9000
Event: 46.852 Thread 0x000000002c0c9000 Thread exited: 0x000000002c0c9000
Event: 47.851 Thread 0x000000002c0c9000 Thread added: 0x000000002c0c9000
Event: 47.851 Thread 0x000000002c0c9000 Thread exited: 0x000000002c0c9000
Event: 48.861 Thread 0x000000002c0c9000 Thread added: 0x000000002c0c9000
Event: 48.861 Thread 0x000000002c0c9000 Thread exited: 0x000000002c0c9000
Event: 49.861 Thread 0x000000002c0c9000 Thread added: 0x000000002c0c9000
Event: 49.861 Thread 0x000000002c0c9000 Thread exited: 0x000000002c0c9000


Dynamic libraries:
0x0000000000400000 - 0x00000000004d2000 	C:\Program Files\BlueJ\BlueJ.exe
0x0000000076cf0000 - 0x0000000076e99000 	C:\Windows\SYSTEM32\ntdll.dll
0x0000000076bd0000 - 0x0000000076cef000 	C:\Windows\system32\kernel32.dll
0x000007fefcb40000 - 0x000007fefcbac000 	C:\Windows\system32\KERNELBASE.dll
0x000007fefebc0000 - 0x000007fefec5f000 	C:\Windows\system32\msvcrt.dll
0x000007fefdd40000 - 0x000007fefeac8000 	C:\Windows\system32\SHELL32.dll
0x000007fefef80000 - 0x000007fefeff1000 	C:\Windows\system32\SHLWAPI.dll
0x000007fefd590000 - 0x000007fefd5f7000 	C:\Windows\system32\GDI32.dll
0x0000000076ad0000 - 0x0000000076bca000 	C:\Windows\system32\USER32.dll
0x000007fefead0000 - 0x000007fefeade000 	C:\Windows\system32\LPK.dll
0x000007fefd820000 - 0x000007fefd8e9000 	C:\Windows\system32\USP10.dll
0x000007fefbbf0000 - 0x000007fefbbfc000 	C:\Windows\system32\VERSION.dll
0x000007fefef50000 - 0x000007fefef7e000 	C:\Windows\system32\IMM32.DLL
0x000007fefdc30000 - 0x000007fefdd39000 	C:\Windows\system32\MSCTF.dll
0x000007fee3650000 - 0x000007fee4173000 	C:\Program Files\BlueJ\jdk\bin\server\jvm.dll
0x000007fefeae0000 - 0x000007fefebbb000 	C:\Windows\system32\ADVAPI32.dll
0x000007fefdb30000 - 0x000007fefdb4f000 	C:\Windows\SYSTEM32\sechost.dll
0x000007fefec60000 - 0x000007fefed8d000 	C:\Windows\system32\RPCRT4.dll
0x000007feedeb0000 - 0x000007feedeb9000 	C:\Windows\system32\WSOCK32.dll
0x000007fefcec0000 - 0x000007fefcf0d000 	C:\Windows\system32\WS2_32.dll
0x000007fefd600000 - 0x000007fefd608000 	C:\Windows\system32\NSI.dll
0x000007fefa360000 - 0x000007fefa39b000 	C:\Windows\system32\WINMM.dll
0x0000000076eb0000 - 0x0000000076eb7000 	C:\Windows\system32\PSAPI.DLL
0x000007fef9c50000 - 0x000007fef9c66000 	C:\Program Files\BlueJ\jdk\bin\VCRUNTIME140.dll
0x000007fef9c30000 - 0x000007fef9c34000 	C:\Program Files\BlueJ\jdk\bin\api-ms-win-crt-runtime-l1-1-0.dll
0x000007fee6980000 - 0x000007fee6a72000 	C:\Windows\system32\ucrtbase.DLL
0x000007fef9450000 - 0x000007fef9453000 	C:\Windows\system32\api-ms-win-core-timezone-l1-1-0.dll
0x000007fef9440000 - 0x000007fef9443000 	C:\Windows\system32\api-ms-win-core-file-l2-1-0.dll
0x000007fef34c0000 - 0x000007fef34c3000 	C:\Windows\system32\api-ms-win-core-localization-l1-2-0.dll
0x000007fef3520000 - 0x000007fef3523000 	C:\Windows\system32\api-ms-win-core-synch-l1-2-0.dll
0x000007fef8aa0000 - 0x000007fef8aa3000 	C:\Windows\system32\api-ms-win-core-processthreads-l1-1-1.dll
0x000007fef0e20000 - 0x000007fef0e23000 	C:\Windows\system32\api-ms-win-core-file-l1-2-0.dll
0x000007fef0f60000 - 0x000007fef0f64000 	C:\Program Files\BlueJ\jdk\bin\api-ms-win-crt-string-l1-1-0.dll
0x000007fef0ce0000 - 0x000007fef0ce3000 	C:\Program Files\BlueJ\jdk\bin\api-ms-win-crt-heap-l1-1-0.dll
0x000007fef0cd0000 - 0x000007fef0cd4000 	C:\Program Files\BlueJ\jdk\bin\api-ms-win-crt-stdio-l1-1-0.dll
0x000007fef0cc0000 - 0x000007fef0cc4000 	C:\Program Files\BlueJ\jdk\bin\api-ms-win-crt-convert-l1-1-0.dll
0x000007fef0c40000 - 0x000007fef0c43000 	C:\Program Files\BlueJ\jdk\bin\api-ms-win-crt-environment-l1-1-0.dll
0x000007fef0c30000 - 0x000007fef0c33000 	C:\Program Files\BlueJ\jdk\bin\api-ms-win-crt-utility-l1-1-0.dll
0x000007fef0c20000 - 0x000007fef0c25000 	C:\Program Files\BlueJ\jdk\bin\api-ms-win-crt-math-l1-1-0.dll
0x000007fef0c10000 - 0x000007fef0c13000 	C:\Program Files\BlueJ\jdk\bin\api-ms-win-crt-filesystem-l1-1-0.dll
0x000007feee0c0000 - 0x000007feee0c3000 	C:\Program Files\BlueJ\jdk\bin\api-ms-win-crt-time-l1-1-0.dll
0x000007feed510000 - 0x000007feed521000 	C:\Program Files\BlueJ\jdk\bin\verify.dll
0x000007fefb8d0000 - 0x000007fefb9f5000 	C:\Windows\system32\DBGHELP.DLL
0x000007feeb150000 - 0x000007feeb178000 	C:\Program Files\BlueJ\jdk\bin\java.dll
0x000007feed4f0000 - 0x000007feed506000 	C:\Program Files\BlueJ\jdk\bin\zip.dll
0x000007feedd20000 - 0x000007feedd2a000 	C:\Program Files\BlueJ\jdk\bin\jimage.dll
0x000007fefd610000 - 0x000007fefd813000 	C:\Windows\system32\ole32.dll
0x000007fefcb00000 - 0x000007fefcb0f000 	C:\Windows\system32\profapi.dll
0x000007feed410000 - 0x000007feed429000 	C:\Program Files\BlueJ\jdk\bin\net.dll
0x000007fef2b50000 - 0x000007fef2bc1000 	C:\Windows\system32\WINHTTP.dll
0x000007fef2ae0000 - 0x000007fef2b44000 	C:\Windows\system32\webio.dll
0x000007fefd420000 - 0x000007fefd58c000 	C:\Windows\system32\urlmon.dll
0x000007fefcbb0000 - 0x000007fefcbb4000 	C:\Windows\system32\api-ms-win-downlevel-ole32-l1-1-0.dll
0x000007fefcca0000 - 0x000007fefcca4000 	C:\Windows\system32\api-ms-win-downlevel-shlwapi-l1-1-0.dll
0x000007fefcc80000 - 0x000007fefcc85000 	C:\Windows\system32\api-ms-win-downlevel-advapi32-l1-1-0.dll
0x000007fefcbc0000 - 0x000007fefcbc4000 	C:\Windows\system32\api-ms-win-downlevel-user32-l1-1-0.dll
0x000007fefcc70000 - 0x000007fefcc74000 	C:\Windows\system32\api-ms-win-downlevel-version-l1-1-0.dll
0x000007fefcc90000 - 0x000007fefcc93000 	C:\Windows\system32\api-ms-win-downlevel-normaliz-l1-1-0.dll
0x0000000076ec0000 - 0x0000000076ec3000 	C:\Windows\system32\normaliz.DLL
0x000007fefd170000 - 0x000007fefd41f000 	C:\Windows\system32\iertutil.dll
0x000007fefd8f0000 - 0x000007fefdb2b000 	C:\Windows\system32\WININET.dll
0x000007fefcb20000 - 0x000007fefcb3e000 	C:\Windows\system32\USERENV.dll
0x000007fefc2a0000 - 0x000007fefc2f5000 	C:\Windows\system32\mswsock.dll
0x000007fefc290000 - 0x000007fefc297000 	C:\Windows\System32\wship6.dll
0x000007feecd50000 - 0x000007feecd63000 	C:\Program Files\BlueJ\jdk\bin\nio.dll
0x000007feed730000 - 0x000007feed733000 	C:\Program Files\BlueJ\lib\javafx\bin\api-ms-win-core-console-l1-1-0.dll
0x000007feed580000 - 0x000007feed583000 	C:\Program Files\BlueJ\lib\javafx\bin\api-ms-win-core-datetime-l1-1-0.dll
0x000007feed2c0000 - 0x000007feed2c3000 	C:\Program Files\BlueJ\lib\javafx\bin\api-ms-win-core-debug-l1-1-0.dll
0x000007feed0d0000 - 0x000007feed0d3000 	C:\Program Files\BlueJ\lib\javafx\bin\api-ms-win-core-errorhandling-l1-1-0.dll
0x000007feec660000 - 0x000007feec664000 	C:\Program Files\BlueJ\lib\javafx\bin\api-ms-win-core-file-l1-1-0.dll
0x000007feec420000 - 0x000007feec423000 	C:\Program Files\BlueJ\lib\javafx\bin\api-ms-win-core-file-l1-2-0.dll
0x000007feeafb0000 - 0x000007feeafb3000 	C:\Program Files\BlueJ\lib\javafx\bin\api-ms-win-core-file-l2-1-0.dll
0x000007fee80b0000 - 0x000007fee80b3000 	C:\Program Files\BlueJ\lib\javafx\bin\api-ms-win-core-handle-l1-1-0.dll
0x000007fee80a0000 - 0x000007fee80a3000 	C:\Program Files\BlueJ\lib\javafx\bin\api-ms-win-core-heap-l1-1-0.dll
0x000007fee8090000 - 0x000007fee8093000 	C:\Program Files\BlueJ\lib\javafx\bin\api-ms-win-core-interlocked-l1-1-0.dll
0x000007fee8080000 - 0x000007fee8083000 	C:\Program Files\BlueJ\lib\javafx\bin\api-ms-win-core-libraryloader-l1-1-0.dll
0x000007fee8070000 - 0x000007fee8073000 	C:\Program Files\BlueJ\lib\javafx\bin\api-ms-win-core-localization-l1-2-0.dll
0x000007fee8060000 - 0x000007fee8063000 	C:\Program Files\BlueJ\lib\javafx\bin\api-ms-win-core-memory-l1-1-0.dll
0x000007fee8050000 - 0x000007fee8053000 	C:\Program Files\BlueJ\lib\javafx\bin\api-ms-win-core-namedpipe-l1-1-0.dll
0x000007fee8040000 - 0x000007fee8043000 	C:\Program Files\BlueJ\lib\javafx\bin\api-ms-win-core-processenvironment-l1-1-0.dll
0x000007fee6b70000 - 0x000007fee6b73000 	C:\Program Files\BlueJ\lib\javafx\bin\api-ms-win-core-processthreads-l1-1-0.dll
0x000007fee6b60000 - 0x000007fee6b63000 	C:\Program Files\BlueJ\lib\javafx\bin\api-ms-win-core-processthreads-l1-1-1.dll
0x000007fee6b50000 - 0x000007fee6b53000 	C:\Program Files\BlueJ\lib\javafx\bin\api-ms-win-core-profile-l1-1-0.dll
0x000007fee6b40000 - 0x000007fee6b43000 	C:\Program Files\BlueJ\lib\javafx\bin\api-ms-win-core-rtlsupport-l1-1-0.dll
0x000007fee6b30000 - 0x000007fee6b33000 	C:\Program Files\BlueJ\lib\javafx\bin\api-ms-win-core-string-l1-1-0.dll
0x000007fee6b20000 - 0x000007fee6b23000 	C:\Program Files\BlueJ\lib\javafx\bin\api-ms-win-core-synch-l1-1-0.dll
0x000007fee6b10000 - 0x000007fee6b13000 	C:\Program Files\BlueJ\lib\javafx\bin\api-ms-win-core-synch-l1-2-0.dll
0x000007fee6b00000 - 0x000007fee6b03000 	C:\Program Files\BlueJ\lib\javafx\bin\api-ms-win-core-sysinfo-l1-1-0.dll
0x000007fee6af0000 - 0x000007fee6af3000 	C:\Program Files\BlueJ\lib\javafx\bin\api-ms-win-core-timezone-l1-1-0.dll
0x000007fee6ae0000 - 0x000007fee6ae3000 	C:\Program Files\BlueJ\lib\javafx\bin\api-ms-win-core-util-l1-1-0.dll
0x000007fee6ad0000 - 0x000007fee6ad3000 	C:\Program Files\BlueJ\lib\javafx\bin\api-ms-win-crt-conio-l1-1-0.dll
0x000007fee6ac0000 - 0x000007fee6ac4000 	C:\Program Files\BlueJ\lib\javafx\bin\api-ms-win-crt-convert-l1-1-0.dll
0x000007fee6ab0000 - 0x000007fee6ab3000 	C:\Program Files\BlueJ\lib\javafx\bin\api-ms-win-crt-environment-l1-1-0.dll
0x000007fee6aa0000 - 0x000007fee6aa3000 	C:\Program Files\BlueJ\lib\javafx\bin\api-ms-win-crt-filesystem-l1-1-0.dll
0x000007fee6a90000 - 0x000007fee6a93000 	C:\Program Files\BlueJ\lib\javafx\bin\api-ms-win-crt-heap-l1-1-0.dll
0x000007fee6a80000 - 0x000007fee6a83000 	C:\Program Files\BlueJ\lib\javafx\bin\api-ms-win-crt-locale-l1-1-0.dll
0x000007fee6570000 - 0x000007fee6575000 	C:\Program Files\BlueJ\lib\javafx\bin\api-ms-win-crt-math-l1-1-0.dll
0x000007fee6560000 - 0x000007fee6565000 	C:\Program Files\BlueJ\lib\javafx\bin\api-ms-win-crt-multibyte-l1-1-0.dll
0x000007fee6550000 - 0x000007fee6560000 	C:\Program Files\BlueJ\lib\javafx\bin\api-ms-win-crt-private-l1-1-0.dll
0x000007fee6540000 - 0x000007fee6543000 	C:\Program Files\BlueJ\lib\javafx\bin\api-ms-win-crt-process-l1-1-0.dll
0x000007fee6530000 - 0x000007fee6534000 	C:\Program Files\BlueJ\lib\javafx\bin\api-ms-win-crt-runtime-l1-1-0.dll
0x000007fee6520000 - 0x000007fee6524000 	C:\Program Files\BlueJ\lib\javafx\bin\api-ms-win-crt-stdio-l1-1-0.dll
0x000007fee6510000 - 0x000007fee6514000 	C:\Program Files\BlueJ\lib\javafx\bin\api-ms-win-crt-string-l1-1-0.dll
0x000007fee6500000 - 0x000007fee6503000 	C:\Program Files\BlueJ\lib\javafx\bin\api-ms-win-crt-time-l1-1-0.dll
0x000007fee64f0000 - 0x000007fee64f3000 	C:\Program Files\BlueJ\lib\javafx\bin\api-ms-win-crt-utility-l1-1-0.dll
0x000007fee63f0000 - 0x000007fee64ea000 	C:\Program Files\BlueJ\lib\javafx\bin\ucrtbase.dll
0x000007fee63d0000 - 0x000007fee63e6000 	C:\Program Files\BlueJ\lib\javafx\bin\vcruntime140.dll
0x000007fee6320000 - 0x000007fee63c6000 	C:\Program Files\BlueJ\lib\javafx\bin\msvcp140.dll
0x000007fee62c0000 - 0x000007fee6311000 	C:\Program Files\BlueJ\lib\javafx\bin\concrt140.dll
0x000007fee6290000 - 0x000007fee62b3000 	C:\Program Files\BlueJ\lib\javafx\bin\prism_d3d.dll
0x000007fecdd40000 - 0x000007fecdf3f000 	C:\Windows\system32\d3d9.dll
0x000007fecff40000 - 0x000007fecff47000 	C:\Windows\system32\d3d8thk.dll
0x000007fefadd0000 - 0x000007fefade8000 	C:\Windows\system32\dwmapi.dll
0x000007fefb200000 - 0x000007fefb256000 	C:\Windows\system32\uxtheme.dll
0x000007feed740000 - 0x000007feed887000 	C:\Windows\system32\aticfx64.dll
0x000007fecfca0000 - 0x000007fecfcc0000 	C:\Windows\system32\atiu9p64.dll
0x000007fecd5b0000 - 0x000007fecdd34000 	C:\Windows\system32\atiumd64.dll
0x000000005c960000 - 0x000000005d3cd000 	C:\Windows\system32\atiumd6a.dll
0x000007fee6240000 - 0x000007fee6285000 	C:\Program Files\BlueJ\lib\javafx\bin\glass.dll
0x000007fefeeb0000 - 0x000007fefef47000 	C:\Windows\system32\COMDLG32.dll
0x000007fef1520000 - 0x000007fef15c0000 	C:\Windows\WinSxS\amd64_microsoft.windows.common-controls_6595b64144ccf1df_5.82.7601.18201_none_a4d3b9377117c3df\COMCTL32.dll
0x000007fefdb50000 - 0x000007fefdc27000 	C:\Windows\system32\OLEAUT32.dll
0x000007fefc960000 - 0x000007fefc96f000 	C:\Windows\system32\CRYPTBASE.dll
0x000007fee5590000 - 0x000007fee572e000 	C:\Program Files\BlueJ\jdk\bin\awt.dll
0x000007fed4b90000 - 0x000007fed4f54000 	C:\Windows\system32\d2d1.dll
0x000007fee6220000 - 0x000007fee6234000 	C:\Program Files\BlueJ\lib\javafx\bin\javafx_font.dll
0x000007fedd370000 - 0x000007fedd506000 	C:\Windows\system32\dwrite.dll
0x000007fefee10000 - 0x000007fefeea9000 	C:\Windows\system32\CLBCatQ.DLL

dbghelp: loaded successfully - version: 4.0.5 - missing functions: none
symbol engine: initialized successfully - sym options: 0x614 - pdb path: .;C:\Program Files\BlueJ;C:\Windows\SYSTEM32;C:\Program Files\BlueJ\jdk\bin\server;C:\Program Files\BlueJ\jdk\bin;C:\Program Files\BlueJ\lib\javafx\bin;C:\Windows\WinSxS\amd64_microsoft.windows.common-controls_6595b64144ccf1df_5.82.7601.18201_none_a4d3b9377117c3df;C:\Windows\WinSxS\amd64_microsoft.windows.common-controls_6595b64144ccf1df_6.0.7601.17514_none_fa396087175ac9ac;C:\Program Files\Common Files\Microsoft Shared\Ink;C:\Users\giovanni\AppData\Roaming\discord\0.0.308\modules\discord_hook\397863cd8f

VM Arguments:
jvm_args: -Djavafx.embed.singleThread=true 
java_command: <unknown>
java_class_path (initial): C:\Program Files\BlueJ\lib\bluej.jar;C:\Program Files\BlueJ\lib\javafx\lib\javafx.base.jar;C:\Program Files\BlueJ\lib\javafx\lib\javafx.controls.jar;C:\Program Files\BlueJ\lib\javafx\lib\javafx.fxml.jar;C:\Program Files\BlueJ\lib\javafx\lib\javafx.graphics.jar;C:\Program Files\BlueJ\lib\javafx\lib\javafx.media.jar;C:\Program Files\BlueJ\lib\javafx\lib\javafx.properties.jar;C:\Program Files\BlueJ\lib\javafx\lib\javafx.swing.jar;C:\Program Files\BlueJ\lib\javafx\lib\javafx.web.jar
Launcher Type: generic

[Global flags]
     intx CICompilerCount                          = 3                                         {product} {ergonomic}
     uint ConcGCThreads                            = 1                                         {product} {ergonomic}
     uint G1ConcRefinementThreads                  = 4                                         {product} {ergonomic}
   size_t G1HeapRegionSize                         = 1048576                                   {product} {ergonomic}
    uintx GCDrainStackTargetSize                   = 64                                        {product} {ergonomic}
   size_t InitialHeapSize                          = 83886080                                  {product} {ergonomic}
   size_t MarkStackSize                            = 4194304                                   {product} {ergonomic}
   size_t MaxHeapSize                              = 1333788672                                {product} {ergonomic}
   size_t MaxNewSize                               = 800063488                                 {product} {ergonomic}
   size_t MinHeapDeltaBytes                        = 1048576                                   {product} {ergonomic}
    uintx NonNMethodCodeHeapSize                   = 5830092                                {pd product} {ergonomic}
    uintx NonProfiledCodeHeapSize                  = 122914074                              {pd product} {ergonomic}
    uintx ProfiledCodeHeapSize                     = 122914074                              {pd product} {ergonomic}
    uintx ReservedCodeCacheSize                    = 251658240                              {pd product} {ergonomic}
     bool SegmentedCodeCache                       = true                                      {product} {ergonomic}
     bool UseCompressedClassPointers               = true                                 {lp64_product} {ergonomic}
     bool UseCompressedOops                        = true                                 {lp64_product} {ergonomic}
     bool UseG1GC                                  = true                                      {product} {ergonomic}
     bool UseLargePagesIndividualAllocation        = false                                  {pd product} {ergonomic}

Logging:
Log output configuration:
 #0: stdout all=warning uptime,level,tags
 #1: stderr all=off uptime,level,tags

Environment Variables:
PATH=C:\Program Files (x86)\Common Files\Oracle\Java\javapath;C:\Windows\system32;C:\Windows;C:\Windows\System32\Wbem;C:\Windows\System32\WindowsPowerShell\v1.0\;C:\Program Files (x86)\ATI Technologies\ATI.ACE\Core-Static;C:\Program Files (x86)\Infocert\DiKe 6\RAO
USERNAME=giovanni
OS=Windows_NT
PROCESSOR_IDENTIFIER=AMD64 Family 22 Model 48 Stepping 1, AuthenticAMD



---------------  S Y S T E M  ---------------

OS: Windows 7 , 64 bit Build 7601 (6.1.7601.18409)

CPU:total 4 (initial active 4) (4 cores per cpu, 1 threads per core) family 22 model 48 stepping 1, cmov, cx8, fxsr, mmx, sse, sse2, sse3, ssse3, sse4.1, sse4.2, popcnt, avx, aes, clmul, mmxext, 3dnowpref, lzcnt, sse4a, tsc, tscinvbit, tscinv, bmi1

Memory: 4k page, system-wide physical 5086M (1484M free)
TotalPageFile size 10470M (AvailPageFile size 5067M)
current process WorkingSet (physical memory assigned to process): 419M, peak: 449M
current process commit charge ("private bytes"): 442M, peak: 479M

vm_info: OpenJDK 64-Bit Server VM (11.0.2+9) for windows-amd64 JRE (11.0.2+9), built on Jan 18 2019 05:23:22 by "mach5one" with MS VC++ 15.5 (VS2017)

END.
