#
# A fatal error has been detected by the Java Runtime Environment:
#
#  EXCEPTION_ACCESS_VIOLATION (0xc0000005) at pc=0x0000000076d43290, pid=11628, tid=9984
#
# JRE version: OpenJDK Runtime Environment (11.0.2+9) (build 11.0.2+9)
# Java VM: OpenJDK 64-Bit Server VM (11.0.2+9, mixed mode, tiered, compressed oops, g1 gc, windows-amd64)
# Problematic frame:
# C  [ntdll.dll+0x53290]
#
# No core dump will be written. Minidumps are not enabled by default on client versions of Windows
#
# If you would like to submit a bug report, please visit:
#   http://bugreport.java.com/bugreport/crash.jsp
# The crash happened outside the Java Virtual Machine in native code.
# See problematic frame for where to report the bug.
#

---------------  S U M M A R Y ------------

Command Line: -Djavafx.embed.singleThread=true 

Host: AMD A6-6310 APU with AMD Radeon R4 Graphics    , 4 cores, 4G,  Windows 7 , 64 bit Build 7601 (6.1.7601.18409)
Time: Wed Dec  2 16:17:01 2020 ora solare Europa occidentale elapsed time: 16538 seconds (0d 4h 35m 38s)

---------------  T H R E A D  ---------------

Current thread (0x000000002262e000):  JavaThread "QuantumRenderer-0" daemon [_thread_in_native, id=9984, stack(0x0000000022e00000,0x0000000023000000)]

Stack: [0x0000000022e00000,0x0000000023000000],  sp=0x0000000022ffe650,  free space=2041k
Native frames: (J=compiled Java code, j=interpreted, Vv=VM code, C=native code)
C  [ntdll.dll+0x53290]
C  [kernel32.dll+0x21a4a]
C  [d3d9.dll+0x2319]

Java frames: (J=compiled Java code, j=interpreted, Vv=VM code)
J 13157  com.sun.prism.d3d.D3DSwapChain.nPresent(JJ)I (0 bytes) @ 0x0000000012c11604 [0x0000000012c115c0+0x0000000000000044]
J 23418 c1 com.sun.javafx.tk.quantum.PresentingPainter.run()V (675 bytes) @ 0x000000000cf5633c [0x000000000cf50b00+0x000000000000583c]
J 21500 c2 com.sun.javafx.tk.RenderJob.run()V (92 bytes) @ 0x000000001375d030 [0x000000001375cf20+0x0000000000000110]
j  java.util.concurrent.ThreadPoolExecutor.runWorker(Ljava/util/concurrent/ThreadPoolExecutor$Worker;)V+92 java.base@11.0.2
j  java.util.concurrent.ThreadPoolExecutor$Worker.run()V+5 java.base@11.0.2
j  com.sun.javafx.tk.quantum.QuantumRenderer$PipelineRunnable.run()V+8
j  java.lang.Thread.run()V+11 java.base@11.0.2
v  ~StubRoutines::call_stub

siginfo: EXCEPTION_ACCESS_VIOLATION (0xc0000005), reading address 0x00000000179eaf18


Register to memory mapping:

RIP=0x0000000076d43290 ntdll.dll
RAX=0x0000009155e9fac1 is an unknown value
RBX=0x00000000179eaf10 is an unknown value
RCX=0x000000ffffffffff is an unknown value
RDX=0x000000002ae5e930 points into unknown readable memory: f8 04 ff ff ff ff ff ff
RSP=0x0000000022ffe650 is pointing into the stack for thread: 0x000000002262e000
RBP=0x0 is NULL
RSI=0x00000000222b0000 points into unknown readable memory: 00 00 00 00 00 00 00 00
RDI=0x000000002ae5e940 points into unknown readable memory: 00 00 00 00 00 00 00 00
R8 =0x000000002ae5e940 points into unknown readable memory: 00 00 00 00 00 00 00 00
R9 =0x000001d2005f0002 is an unknown value
R10=0x0 is NULL
R11=0x0000000022ffe484 is pointing into the stack for thread: 0x000000002262e000
R12=0x0 is NULL
R13=0x000007fedfec3180 points into unknown readable memory: a0 7f 45 23 00 00 00 00
R14=0x00000000000002b2 is an unknown value
R15=0x000000000000029b is an unknown value


Registers:
RAX=0x0000009155e9fac1, RBX=0x00000000179eaf10, RCX=0x000000ffffffffff, RDX=0x000000002ae5e930
RSP=0x0000000022ffe650, RBP=0x0000000000000000, RSI=0x00000000222b0000, RDI=0x000000002ae5e940
R8 =0x000000002ae5e940, R9 =0x000001d2005f0002, R10=0x0000000000000000, R11=0x0000000022ffe484
R12=0x0000000000000000, R13=0x000007fedfec3180, R14=0x00000000000002b2, R15=0x000000000000029b
RIP=0x0000000076d43290, EFLAGS=0x0000000000010212

Top of Stack: (sp=0x0000000022ffe650)
0x0000000022ffe650:   000007fedfec3180 0000000000000000
0x0000000022ffe660:   0000000029605240 0000000000000008
0x0000000022ffe670:   0000000000000001 0000000076bf1a4a
0x0000000022ffe680:   0000000000000000 000000002ae5e960
0x0000000022ffe690:   000000000000029b 00000000000002b2
0x0000000022ffe6a0:   000007fedfec3180 0000000000000000
0x0000000022ffe6b0:   000000002ae5e960 00000000234d3cb8
0x0000000022ffe6c0:   000007fedfec3228 0000000076bf1a4a
0x0000000022ffe6d0:   0000000029605240 0000000000000001
0x0000000022ffe6e0:   0000000022ffe8e0 000000002ae5e960
0x0000000022ffe6f0:   0000000029605320 000007fecdd42319
0x0000000022ffe700:   00000000234569f0 00000000295c2250
0x0000000022ffe710:   fffffffffffffffe 000007fecdd42319
0x0000000022ffe720:   000000002ae5e960 000007fecdd5a675
0x0000000022ffe730:   0000000000000001 00000000234d3cb8
0x0000000022ffe740:   00000000234d3cb8 000000002ae5e960 

Instructions: (pc=0x0000000076d43290)
0x0000000076d43270:   ff ff 00 00 00 48 33 de 48 23 c1 48 c1 eb 04 48
0x0000000076d43280:   33 d8 48 33 1d 3f f1 0d 00 48 c1 e3 04 0f 0d 0b
0x0000000076d43290:   4c 8b 63 08 49 bd 01 00 00 00 01 00 00 00 49 be
0x0000000076d432a0:   ff 7f 00 00 ff ff ff ff c6 42 0f 80 c6 42 0e 00 


Stack slot to memory mapping:
stack at sp + 0 slots: 0x000007fedfec3180 points into unknown readable memory: a0 7f 45 23 00 00 00 00
stack at sp + 1 slots: 0x0 is NULL
stack at sp + 2 slots: 0x0000000029605240 points into unknown readable memory: 20 c0 ec cd fe 07 00 00
stack at sp + 3 slots: 0x0000000000000008 is an unknown value
stack at sp + 4 slots: 0x0000000000000001 is an unknown value
stack at sp + 5 slots: 0x0000000076bf1a4a kernel32.dll
stack at sp + 6 slots: 0x0 is NULL
stack at sp + 7 slots: 0x000000002ae5e960 points into unknown readable memory: b0 b0 ec cd fe 07 00 00


---------------  P R O C E S S  ---------------

Threads class SMR info:
_java_thread_list=0x0000000034028370, length=32, elements={
0x0000000000652800, 0x0000000020732000, 0x0000000020733800, 0x0000000020789000,
0x000000002078e800, 0x000000002078f800, 0x0000000020796000, 0x000000002079f800,
0x00000000218ec800, 0x0000000021934000, 0x0000000021bea000, 0x000000002262e000,
0x0000000022817800, 0x0000000022771800, 0x0000000026185800, 0x0000000022903000,
0x000000002632b800, 0x0000000022947000, 0x000000002a271800, 0x000000002a272800,
0x000000002a274000, 0x000000002a271000, 0x000000002af11000, 0x000000002c1fc000,
0x000000002a273800, 0x000000002a275000, 0x000000002a55e000, 0x000000002a55d000,
0x000000002a55e800, 0x000000002a55f800, 0x000000002af36000, 0x000000002af36800
}

Java Threads: ( => current thread )
  0x0000000000652800 JavaThread "main" [_thread_blocked, id=7948, stack(0x0000000000030000,0x0000000000230000)]
  0x0000000020732000 JavaThread "Reference Handler" daemon [_thread_blocked, id=11384, stack(0x0000000020a20000,0x0000000020c20000)]
  0x0000000020733800 JavaThread "Finalizer" daemon [_thread_blocked, id=3952, stack(0x0000000020c20000,0x0000000020e20000)]
  0x0000000020789000 JavaThread "Signal Dispatcher" daemon [_thread_blocked, id=12988, stack(0x0000000020e20000,0x0000000021020000)]
  0x000000002078e800 JavaThread "Attach Listener" daemon [_thread_blocked, id=13244, stack(0x0000000021020000,0x0000000021220000)]
  0x000000002078f800 JavaThread "C2 CompilerThread0" daemon [_thread_blocked, id=10408, stack(0x0000000021220000,0x0000000021420000)]
  0x0000000020796000 JavaThread "C1 CompilerThread0" daemon [_thread_blocked, id=5172, stack(0x0000000021420000,0x0000000021620000)]
  0x000000002079f800 JavaThread "Sweeper thread" daemon [_thread_blocked, id=12348, stack(0x0000000021620000,0x0000000021820000)]
  0x00000000218ec800 JavaThread "Service Thread" daemon [_thread_blocked, id=2784, stack(0x0000000021c20000,0x0000000021e20000)]
  0x0000000021934000 JavaThread "Common-Cleaner" daemon [_thread_blocked, id=10360, stack(0x0000000022020000,0x0000000022220000)]
  0x0000000021bea000 JavaThread "JavaFX-Launcher" [_thread_blocked, id=12360, stack(0x0000000022400000,0x0000000022600000)]
=>0x000000002262e000 JavaThread "QuantumRenderer-0" daemon [_thread_in_native, id=9984, stack(0x0000000022e00000,0x0000000023000000)]
  0x0000000022817800 JavaThread "InvokeLaterDispatcher" daemon [_thread_blocked, id=10796, stack(0x0000000023790000,0x0000000023990000)]
  0x0000000022771800 JavaThread "JavaFX Application Thread" [_thread_blocked, id=3508, stack(0x0000000023990000,0x0000000023b90000)]
  0x0000000026185800 JavaThread "Thread-2" daemon [_thread_in_native, id=13156, stack(0x0000000027080000,0x0000000027280000)]
  0x0000000022903000 JavaThread "Java2D Disposer" daemon [_thread_blocked, id=9076, stack(0x0000000027760000,0x0000000027960000)]
  0x000000002632b800 JavaThread "AWT-Windows" daemon [_thread_in_native, id=3520, stack(0x0000000027b60000,0x0000000027d60000)]
  0x0000000022947000 JavaThread "Thread-3" [_thread_blocked, id=5560, stack(0x0000000027d60000,0x0000000027f60000)]
  0x000000002a271800 JavaThread "TimerQueue" daemon [_thread_blocked, id=12516, stack(0x0000000028b70000,0x0000000028d70000)]
  0x000000002a272800 JavaThread "AWT-Shutdown" [_thread_blocked, id=9676, stack(0x000000002d490000,0x000000002d690000)]
  0x000000002a274000 JavaThread "AWT-EventQueue-0" [_thread_blocked, id=10196, stack(0x000000002e3e0000,0x000000002e5e0000)]
  0x000000002a271000 JavaThread "Prism Font Disposer" daemon [_thread_blocked, id=9680, stack(0x000000002cc80000,0x000000002ce80000)]
  0x000000002af11000 JavaThread "Cleaner-0" daemon [_thread_blocked, id=2272, stack(0x0000000032140000,0x0000000032340000)]
  0x000000002c1fc000 JavaThread "SwingNode Disposer" daemon [_thread_blocked, id=4228, stack(0x0000000032f40000,0x0000000033140000)]
  0x000000002a273800 JavaThread "Disposer" daemon [_thread_blocked, id=12732, stack(0x000000002e5e0000,0x000000002e7e0000)]
  0x000000002a275000 JavaThread "Thread del compilatore di BlueJ" [_thread_blocked, id=11684, stack(0x000000002e9e0000,0x000000002ebe0000)]
  0x000000002a55e000 JavaThread "JDI Internal Event Handler" daemon [_thread_blocked, id=8688, stack(0x0000000031d40000,0x0000000031f40000)]
  0x000000002a55d000 JavaThread "JDI Target VM Interface" daemon [_thread_in_native, id=4744, stack(0x0000000031f40000,0x0000000032140000)]
  0x000000002a55e800 JavaThread "BlueJ I/O Handler" [_thread_in_native, id=4384, stack(0x0000000032340000,0x0000000032540000)]
  0x000000002a55f800 JavaThread "BlueJ I/O Handler" [_thread_in_native, id=11608, stack(0x0000000032540000,0x0000000032740000)]
  0x000000002af36000 JavaThread "BlueJ I/O Handler" [_thread_blocked, id=1384, stack(0x0000000032740000,0x0000000032940000)]
  0x000000002af36800 JavaThread "vm-event-handler" [_thread_blocked, id=11804, stack(0x0000000032940000,0x0000000032b40000)]

Other Threads:
  0x0000000020730800 VMThread "VM Thread" [stack: 0x0000000020820000,0x0000000020a20000] [id=4728]
  0x00000000218ed800 WatcherThread [stack: 0x0000000021e20000,0x0000000022020000] [id=5076]
  0x0000000000666000 GCTaskThread "GC Thread#0" [stack: 0x0000000019b60000,0x0000000019d60000] [id=7468]
  0x000000002294e000 GCTaskThread "GC Thread#1" [stack: 0x0000000027f60000,0x0000000028160000] [id=3356]
  0x000000002631e000 GCTaskThread "GC Thread#2" [stack: 0x0000000028160000,0x0000000028360000] [id=9528]
  0x0000000022ddb000 GCTaskThread "GC Thread#3" [stack: 0x0000000028360000,0x0000000028560000] [id=8268]
  0x00000000006a1800 ConcurrentGCThread "G1 Main Marker" [stack: 0x000000001d1e0000,0x000000001d3e0000] [id=7052]
  0x00000000006aa800 ConcurrentGCThread "G1 Conc#0" [stack: 0x000000001d3e0000,0x000000001d5e0000] [id=10152]
  0x000000001d160000 ConcurrentGCThread "G1 Refine#0" [stack: 0x000000001fa20000,0x000000001fc20000] [id=7796]
  0x000000002c3d5800 ConcurrentGCThread "G1 Refine#1" [stack: 0x0000000033140000,0x0000000033340000] [id=11784]
  0x000000001d161800 ConcurrentGCThread "G1 Young RemSet Sampling" [stack: 0x000000001fc20000,0x000000001fe20000] [id=6356]

Threads with active compile tasks:

VM state:not at safepoint (normal execution)

VM Mutex/Monitor currently owned by a thread: None

Heap address: 0x00000000b0800000, size: 1272 MB, Compressed Oops mode: 32-bit
Narrow klass base: 0x0000000000000000, Narrow klass shift: 3
Compressed class space size: 1073741824 Address: 0x0000000100000000

Heap:
 garbage-first heap   total 248832K, used 191750K [0x00000000b0800000, 0x0000000100000000)
  region size 1024K, 116 young (118784K), 1 survivors (1024K)
 Metaspace       used 79356K, capacity 84215K, committed 85316K, reserved 1122304K
  class space    used 9683K, capacity 11574K, committed 12108K, reserved 1048576K
Heap Regions: E=young(eden), S=young(survivor), O=old, HS=humongous(starts), HC=humongous(continues), CS=collection set, F=free, A=archive, TAMS=top-at-mark-start (previous, next)
|   0|0x00000000b0800000, 0x00000000b0900000, 0x00000000b0900000|100%| O|  |TAMS 0x00000000b0900000, 0x00000000b0800000| Untracked 
|   1|0x00000000b0900000, 0x00000000b0a00000, 0x00000000b0a00000|100%| O|  |TAMS 0x00000000b0a00000, 0x00000000b0900000| Untracked 
|   2|0x00000000b0a00000, 0x00000000b0b00000, 0x00000000b0b00000|100%| O|  |TAMS 0x00000000b0b00000, 0x00000000b0a00000| Untracked 
|   3|0x00000000b0b00000, 0x00000000b0c00000, 0x00000000b0c00000|100%| O|  |TAMS 0x00000000b0c00000, 0x00000000b0b00000| Untracked 
|   4|0x00000000b0c00000, 0x00000000b0d00000, 0x00000000b0d00000|100%| O|  |TAMS 0x00000000b0d00000, 0x00000000b0c00000| Untracked 
|   5|0x00000000b0d00000, 0x00000000b0e00000, 0x00000000b0e00000|100%| O|  |TAMS 0x00000000b0e00000, 0x00000000b0d00000| Untracked 
|   6|0x00000000b0e00000, 0x00000000b0f00000, 0x00000000b0f00000|100%| O|  |TAMS 0x00000000b0f00000, 0x00000000b0e00000| Untracked 
|   7|0x00000000b0f00000, 0x00000000b1000000, 0x00000000b1000000|100%| O|  |TAMS 0x00000000b1000000, 0x00000000b0f00000| Untracked 
|   8|0x00000000b1000000, 0x00000000b1100000, 0x00000000b1100000|100%| O|  |TAMS 0x00000000b1100000, 0x00000000b1000000| Untracked 
|   9|0x00000000b1100000, 0x00000000b1200000, 0x00000000b1200000|100%| O|  |TAMS 0x00000000b1200000, 0x00000000b1100000| Untracked 
|  10|0x00000000b1200000, 0x00000000b1300000, 0x00000000b1300000|100%| O|  |TAMS 0x00000000b1300000, 0x00000000b1200000| Untracked 
|  11|0x00000000b1300000, 0x00000000b1400000, 0x00000000b1400000|100%| O|  |TAMS 0x00000000b1400000, 0x00000000b1300000| Untracked 
|  12|0x00000000b1400000, 0x00000000b1400000, 0x00000000b1500000|  0%| F|  |TAMS 0x00000000b1400000, 0x00000000b1400000| Untracked 
|  13|0x00000000b1500000, 0x00000000b1500000, 0x00000000b1600000|  0%| F|  |TAMS 0x00000000b1500000, 0x00000000b1500000| Untracked 
|  14|0x00000000b1600000, 0x00000000b1700000, 0x00000000b1700000|100%| O|  |TAMS 0x00000000b1700000, 0x00000000b1600000| Untracked 
|  15|0x00000000b1700000, 0x00000000b1800000, 0x00000000b1800000|100%| O|  |TAMS 0x00000000b1800000, 0x00000000b1700000| Untracked 
|  16|0x00000000b1800000, 0x00000000b1900000, 0x00000000b1900000|100%| O|  |TAMS 0x00000000b1900000, 0x00000000b1800000| Untracked 
|  17|0x00000000b1900000, 0x00000000b1a00000, 0x00000000b1a00000|100%| O|  |TAMS 0x00000000b1a00000, 0x00000000b1900000| Untracked 
|  18|0x00000000b1a00000, 0x00000000b1b00000, 0x00000000b1b00000|100%| O|  |TAMS 0x00000000b1b00000, 0x00000000b1a00000| Untracked 
|  19|0x00000000b1b00000, 0x00000000b1c00000, 0x00000000b1c00000|100%| O|  |TAMS 0x00000000b1c00000, 0x00000000b1b00000| Untracked 
|  20|0x00000000b1c00000, 0x00000000b1d00000, 0x00000000b1d00000|100%| O|  |TAMS 0x00000000b1d00000, 0x00000000b1c00000| Untracked 
|  21|0x00000000b1d00000, 0x00000000b1d00000, 0x00000000b1e00000|  0%| F|  |TAMS 0x00000000b1d00000, 0x00000000b1d00000| Untracked 
|  22|0x00000000b1e00000, 0x00000000b1e00000, 0x00000000b1f00000|  0%| F|  |TAMS 0x00000000b1e00000, 0x00000000b1e00000| Untracked 
|  23|0x00000000b1f00000, 0x00000000b1f00000, 0x00000000b2000000|  0%| F|  |TAMS 0x00000000b1f00000, 0x00000000b1f00000| Untracked 
|  24|0x00000000b2000000, 0x00000000b2000000, 0x00000000b2100000|  0%| F|  |TAMS 0x00000000b2000000, 0x00000000b2000000| Untracked 
|  25|0x00000000b2100000, 0x00000000b2200000, 0x00000000b2200000|100%| O|  |TAMS 0x00000000b2200000, 0x00000000b2100000| Untracked 
|  26|0x00000000b2200000, 0x00000000b2200000, 0x00000000b2300000|  0%| F|  |TAMS 0x00000000b2200000, 0x00000000b2200000| Untracked 
|  27|0x00000000b2300000, 0x00000000b2400000, 0x00000000b2400000|100%| O|  |TAMS 0x00000000b2400000, 0x00000000b2300000| Untracked 
|  28|0x00000000b2400000, 0x00000000b2500000, 0x00000000b2500000|100%| O|  |TAMS 0x00000000b2500000, 0x00000000b2400000| Untracked 
|  29|0x00000000b2500000, 0x00000000b2500000, 0x00000000b2600000|  0%| F|  |TAMS 0x00000000b2500000, 0x00000000b2500000| Untracked 
|  30|0x00000000b2600000, 0x00000000b2600000, 0x00000000b2700000|  0%| F|  |TAMS 0x00000000b2600000, 0x00000000b2600000| Untracked 
|  31|0x00000000b2700000, 0x00000000b2800000, 0x00000000b2800000|100%| O|  |TAMS 0x00000000b2800000, 0x00000000b2700000| Untracked 
|  32|0x00000000b2800000, 0x00000000b2900000, 0x00000000b2900000|100%| O|  |TAMS 0x00000000b2900000, 0x00000000b2800000| Untracked 
|  33|0x00000000b2900000, 0x00000000b2a00000, 0x00000000b2a00000|100%| O|  |TAMS 0x00000000b2a00000, 0x00000000b2900000| Untracked 
|  34|0x00000000b2a00000, 0x00000000b2b00000, 0x00000000b2b00000|100%| O|  |TAMS 0x00000000b2b00000, 0x00000000b2a00000| Untracked 
|  35|0x00000000b2b00000, 0x00000000b2b00000, 0x00000000b2c00000|  0%| F|  |TAMS 0x00000000b2b00000, 0x00000000b2b00000| Untracked 
|  36|0x00000000b2c00000, 0x00000000b2d00000, 0x00000000b2d00000|100%| O|  |TAMS 0x00000000b2d00000, 0x00000000b2c00000| Untracked 
|  37|0x00000000b2d00000, 0x00000000b2e00000, 0x00000000b2e00000|100%| O|  |TAMS 0x00000000b2e00000, 0x00000000b2d00000| Untracked 
|  38|0x00000000b2e00000, 0x00000000b2f00000, 0x00000000b2f00000|100%| O|  |TAMS 0x00000000b2f00000, 0x00000000b2e00000| Untracked 
|  39|0x00000000b2f00000, 0x00000000b3000000, 0x00000000b3000000|100%|HS|  |TAMS 0x00000000b3000000, 0x00000000b2f00000| Complete 
|  40|0x00000000b3000000, 0x00000000b3100000, 0x00000000b3100000|100%|HC|  |TAMS 0x00000000b3100000, 0x00000000b3000000| Complete 
|  41|0x00000000b3100000, 0x00000000b3200000, 0x00000000b3200000|100%| O|  |TAMS 0x00000000b3200000, 0x00000000b3100000| Untracked 
|  42|0x00000000b3200000, 0x00000000b3300000, 0x00000000b3300000|100%| O|  |TAMS 0x00000000b3300000, 0x00000000b3200000| Untracked 
|  43|0x00000000b3300000, 0x00000000b3400000, 0x00000000b3400000|100%| O|  |TAMS 0x00000000b3400000, 0x00000000b3300000| Untracked 
|  44|0x00000000b3400000, 0x00000000b3500000, 0x00000000b3500000|100%| O|  |TAMS 0x00000000b3500000, 0x00000000b3400000| Untracked 
|  45|0x00000000b3500000, 0x00000000b3600000, 0x00000000b3600000|100%| O|  |TAMS 0x00000000b3600000, 0x00000000b3500000| Untracked 
|  46|0x00000000b3600000, 0x00000000b3700000, 0x00000000b3700000|100%| O|  |TAMS 0x00000000b3700000, 0x00000000b3600000| Untracked 
|  47|0x00000000b3700000, 0x00000000b3700000, 0x00000000b3800000|  0%| F|  |TAMS 0x00000000b3700000, 0x00000000b3700000| Untracked 
|  48|0x00000000b3800000, 0x00000000b3800000, 0x00000000b3900000|  0%| F|  |TAMS 0x00000000b3800000, 0x00000000b3800000| Untracked 
|  49|0x00000000b3900000, 0x00000000b3a00000, 0x00000000b3a00000|100%| O|  |TAMS 0x00000000b3a00000, 0x00000000b3900000| Untracked 
|  50|0x00000000b3a00000, 0x00000000b3b00000, 0x00000000b3b00000|100%| O|  |TAMS 0x00000000b3b00000, 0x00000000b3a00000| Untracked 
|  51|0x00000000b3b00000, 0x00000000b3c00000, 0x00000000b3c00000|100%| O|  |TAMS 0x00000000b3c00000, 0x00000000b3b00000| Untracked 
|  52|0x00000000b3c00000, 0x00000000b3c00000, 0x00000000b3d00000|  0%| F|  |TAMS 0x00000000b3c00000, 0x00000000b3c00000| Untracked 
|  53|0x00000000b3d00000, 0x00000000b3d00000, 0x00000000b3e00000|  0%| F|  |TAMS 0x00000000b3d00000, 0x00000000b3d00000| Untracked 
|  54|0x00000000b3e00000, 0x00000000b3f00000, 0x00000000b3f00000|100%| O|  |TAMS 0x00000000b3f00000, 0x00000000b3e00000| Untracked 
|  55|0x00000000b3f00000, 0x00000000b4000000, 0x00000000b4000000|100%| O|  |TAMS 0x00000000b3f78600, 0x00000000b3f00000| Untracked 
|  56|0x00000000b4000000, 0x00000000b4100000, 0x00000000b4100000|100%| O|  |TAMS 0x00000000b4000000, 0x00000000b4000000| Untracked 
|  57|0x00000000b4100000, 0x00000000b4200000, 0x00000000b4200000|100%| O|  |TAMS 0x00000000b4200000, 0x00000000b4100000| Untracked 
|  58|0x00000000b4200000, 0x00000000b4300000, 0x00000000b4300000|100%| O|  |TAMS 0x00000000b4300000, 0x00000000b4200000| Untracked 
|  59|0x00000000b4300000, 0x00000000b4400000, 0x00000000b4400000|100%| O|  |TAMS 0x00000000b4400000, 0x00000000b4300000| Untracked 
|  60|0x00000000b4400000, 0x00000000b4500000, 0x00000000b4500000|100%| O|  |TAMS 0x00000000b4400000, 0x00000000b4400000| Untracked 
|  61|0x00000000b4500000, 0x00000000b4600000, 0x00000000b4600000|100%| O|  |TAMS 0x00000000b4600000, 0x00000000b4500000| Untracked 
|  62|0x00000000b4600000, 0x00000000b4700000, 0x00000000b4700000|100%| O|  |TAMS 0x00000000b4600000, 0x00000000b4600000| Untracked 
|  63|0x00000000b4700000, 0x00000000b4800000, 0x00000000b4800000|100%| O|  |TAMS 0x00000000b4800000, 0x00000000b4700000| Untracked 
|  64|0x00000000b4800000, 0x00000000b4900000, 0x00000000b4900000|100%| O|  |TAMS 0x00000000b4800000, 0x00000000b4800000| Untracked 
|  65|0x00000000b4900000, 0x00000000b4a00000, 0x00000000b4a00000|100%| O|  |TAMS 0x00000000b4900000, 0x00000000b4900000| Untracked 
|  66|0x00000000b4a00000, 0x00000000b4b00000, 0x00000000b4b00000|100%| O|  |TAMS 0x00000000b4b00000, 0x00000000b4a00000| Untracked 
|  67|0x00000000b4b00000, 0x00000000b4c00000, 0x00000000b4c00000|100%| O|  |TAMS 0x00000000b4c00000, 0x00000000b4b00000| Untracked 
|  68|0x00000000b4c00000, 0x00000000b4d00000, 0x00000000b4d00000|100%| O|  |TAMS 0x00000000b4d00000, 0x00000000b4c00000| Untracked 
|  69|0x00000000b4d00000, 0x00000000b4e00000, 0x00000000b4e00000|100%| O|  |TAMS 0x00000000b4e00000, 0x00000000b4d00000| Untracked 
|  70|0x00000000b4e00000, 0x00000000b4f00000, 0x00000000b4f00000|100%| O|  |TAMS 0x00000000b4f00000, 0x00000000b4e00000| Untracked 
|  71|0x00000000b4f00000, 0x00000000b5000000, 0x00000000b5000000|100%| O|  |TAMS 0x00000000b4f00000, 0x00000000b4f00000| Untracked 
|  72|0x00000000b5000000, 0x00000000b5100000, 0x00000000b5100000|100%| O|  |TAMS 0x00000000b5100000, 0x00000000b5000000| Untracked 
|  73|0x00000000b5100000, 0x00000000b5200000, 0x00000000b5200000|100%| O|  |TAMS 0x00000000b5200000, 0x00000000b5100000| Untracked 
|  74|0x00000000b5200000, 0x00000000b5200000, 0x00000000b5300000|  0%| F|  |TAMS 0x00000000b5200000, 0x00000000b5200000| Untracked 
|  75|0x00000000b5300000, 0x00000000b5400000, 0x00000000b5400000|100%| O|  |TAMS 0x00000000b5400000, 0x00000000b5300000| Untracked 
|  76|0x00000000b5400000, 0x00000000b5500000, 0x00000000b5500000|100%| O|  |TAMS 0x00000000b5400000, 0x00000000b5400000| Untracked 
|  77|0x00000000b5500000, 0x00000000b5600000, 0x00000000b5600000|100%| O|  |TAMS 0x00000000b5600000, 0x00000000b5500000| Untracked 
|  78|0x00000000b5600000, 0x00000000b5700000, 0x00000000b5700000|100%| O|  |TAMS 0x00000000b5600000, 0x00000000b5600000| Untracked 
|  79|0x00000000b5700000, 0x00000000b5800000, 0x00000000b5800000|100%| O|  |TAMS 0x00000000b5700000, 0x00000000b5700000| Untracked 
|  80|0x00000000b5800000, 0x00000000b5900000, 0x00000000b5900000|100%| O|  |TAMS 0x00000000b5800000, 0x00000000b5800000| Untracked 
|  81|0x00000000b5900000, 0x00000000b5a00000, 0x00000000b5a00000|100%| O|  |TAMS 0x00000000b5a00000, 0x00000000b5900000| Untracked 
|  82|0x00000000b5a00000, 0x00000000b5b00000, 0x00000000b5b00000|100%| O|  |TAMS 0x00000000b5b00000, 0x00000000b5a00000| Untracked 
|  83|0x00000000b5b00000, 0x00000000b5b41800, 0x00000000b5c00000| 25%| O|  |TAMS 0x00000000b5b00000, 0x00000000b5b00000| Untracked 
|  84|0x00000000b5c00000, 0x00000000b5c00000, 0x00000000b5d00000|  0%| F|  |TAMS 0x00000000b5c00000, 0x00000000b5c00000| Untracked 
|  85|0x00000000b5d00000, 0x00000000b5d00000, 0x00000000b5e00000|  0%| F|  |TAMS 0x00000000b5d00000, 0x00000000b5d00000| Untracked 
|  86|0x00000000b5e00000, 0x00000000b5e00000, 0x00000000b5f00000|  0%| F|  |TAMS 0x00000000b5e00000, 0x00000000b5e00000| Untracked 
|  87|0x00000000b5f00000, 0x00000000b5f00000, 0x00000000b6000000|  0%| F|  |TAMS 0x00000000b5f00000, 0x00000000b5f00000| Untracked 
|  88|0x00000000b6000000, 0x00000000b6000000, 0x00000000b6100000|  0%| F|  |TAMS 0x00000000b6000000, 0x00000000b6000000| Untracked 
|  89|0x00000000b6100000, 0x00000000b6100000, 0x00000000b6200000|  0%| F|  |TAMS 0x00000000b6100000, 0x00000000b6100000| Untracked 
|  90|0x00000000b6200000, 0x00000000b6200000, 0x00000000b6300000|  0%| F|  |TAMS 0x00000000b6200000, 0x00000000b6200000| Untracked 
|  91|0x00000000b6300000, 0x00000000b6300000, 0x00000000b6400000|  0%| F|  |TAMS 0x00000000b6300000, 0x00000000b6300000| Untracked 
|  92|0x00000000b6400000, 0x00000000b6500000, 0x00000000b6500000|100%| O|  |TAMS 0x00000000b6500000, 0x00000000b6400000| Untracked 
|  93|0x00000000b6500000, 0x00000000b6500000, 0x00000000b6600000|  0%| F|  |TAMS 0x00000000b6500000, 0x00000000b6500000| Untracked 
|  94|0x00000000b6600000, 0x00000000b6600000, 0x00000000b6700000|  0%| F|  |TAMS 0x00000000b6600000, 0x00000000b6600000| Untracked 
|  95|0x00000000b6700000, 0x00000000b6800000, 0x00000000b6800000|100%| O|  |TAMS 0x00000000b6800000, 0x00000000b6700000| Untracked 
|  96|0x00000000b6800000, 0x00000000b6900000, 0x00000000b6900000|100%| O|  |TAMS 0x00000000b6900000, 0x00000000b6800000| Untracked 
|  97|0x00000000b6900000, 0x00000000b6a00000, 0x00000000b6a00000|100%| O|  |TAMS 0x00000000b6a00000, 0x00000000b6900000| Untracked 
|  98|0x00000000b6a00000, 0x00000000b6a00000, 0x00000000b6b00000|  0%| F|  |TAMS 0x00000000b6a00000, 0x00000000b6a00000| Untracked 
|  99|0x00000000b6b00000, 0x00000000b6b00000, 0x00000000b6c00000|  0%| F|  |TAMS 0x00000000b6b00000, 0x00000000b6b00000| Untracked 
| 100|0x00000000b6c00000, 0x00000000b6c00000, 0x00000000b6d00000|  0%| F|  |TAMS 0x00000000b6c00000, 0x00000000b6c00000| Untracked 
| 101|0x00000000b6d00000, 0x00000000b6d00000, 0x00000000b6e00000|  0%| F|  |TAMS 0x00000000b6d00000, 0x00000000b6d00000| Untracked 
| 102|0x00000000b6e00000, 0x00000000b6e00000, 0x00000000b6f00000|  0%| F|  |TAMS 0x00000000b6e00000, 0x00000000b6e00000| Untracked 
| 103|0x00000000b6f00000, 0x00000000b6f00000, 0x00000000b7000000|  0%| F|  |TAMS 0x00000000b6f00000, 0x00000000b6f00000| Untracked 
| 104|0x00000000b7000000, 0x00000000b7000000, 0x00000000b7100000|  0%| F|  |TAMS 0x00000000b7000000, 0x00000000b7000000| Untracked 
| 105|0x00000000b7100000, 0x00000000b7100000, 0x00000000b7200000|  0%| F|  |TAMS 0x00000000b7100000, 0x00000000b7100000| Untracked 
| 106|0x00000000b7200000, 0x00000000b7200000, 0x00000000b7300000|  0%| F|  |TAMS 0x00000000b7200000, 0x00000000b7200000| Untracked 
| 107|0x00000000b7300000, 0x00000000b7300000, 0x00000000b7400000|  0%| F|  |TAMS 0x00000000b7300000, 0x00000000b7300000| Untracked 
| 108|0x00000000b7400000, 0x00000000b7400000, 0x00000000b7500000|  0%| F|  |TAMS 0x00000000b7400000, 0x00000000b7400000| Untracked 
| 109|0x00000000b7500000, 0x00000000b7500000, 0x00000000b7600000|  0%| F|  |TAMS 0x00000000b7500000, 0x00000000b7500000| Untracked 
| 110|0x00000000b7600000, 0x00000000b7600000, 0x00000000b7700000|  0%| F|  |TAMS 0x00000000b7600000, 0x00000000b7600000| Untracked 
| 111|0x00000000b7700000, 0x00000000b7700000, 0x00000000b7800000|  0%| F|  |TAMS 0x00000000b7700000, 0x00000000b7700000| Untracked 
| 112|0x00000000b7800000, 0x00000000b7800000, 0x00000000b7900000|  0%| F|  |TAMS 0x00000000b7800000, 0x00000000b7800000| Untracked 
| 113|0x00000000b7900000, 0x00000000b7900000, 0x00000000b7a00000|  0%| F|  |TAMS 0x00000000b7900000, 0x00000000b7900000| Untracked 
| 114|0x00000000b7a00000, 0x00000000b7a00000, 0x00000000b7b00000|  0%| F|  |TAMS 0x00000000b7a00000, 0x00000000b7a00000| Untracked 
| 115|0x00000000b7b00000, 0x00000000b7b00000, 0x00000000b7c00000|  0%| F|  |TAMS 0x00000000b7b00000, 0x00000000b7b00000| Untracked 
| 116|0x00000000b7c00000, 0x00000000b7c00000, 0x00000000b7d00000|  0%| F|  |TAMS 0x00000000b7c00000, 0x00000000b7c00000| Untracked 
| 117|0x00000000b7d00000, 0x00000000b7d00000, 0x00000000b7e00000|  0%| F|  |TAMS 0x00000000b7d00000, 0x00000000b7d00000| Untracked 
| 118|0x00000000b7e00000, 0x00000000b7e00000, 0x00000000b7f00000|  0%| F|  |TAMS 0x00000000b7e00000, 0x00000000b7e00000| Untracked 
| 119|0x00000000b7f00000, 0x00000000b7f00000, 0x00000000b8000000|  0%| F|  |TAMS 0x00000000b7f00000, 0x00000000b7f00000| Untracked 
| 120|0x00000000b8000000, 0x00000000b8000000, 0x00000000b8100000|  0%| F|  |TAMS 0x00000000b8000000, 0x00000000b8000000| Untracked 
| 121|0x00000000b8100000, 0x00000000b8100000, 0x00000000b8200000|  0%| F|  |TAMS 0x00000000b8100000, 0x00000000b8100000| Untracked 
| 122|0x00000000b8200000, 0x00000000b8200000, 0x00000000b8300000|  0%| F|  |TAMS 0x00000000b8200000, 0x00000000b8200000| Untracked 
| 123|0x00000000b8300000, 0x00000000b8300000, 0x00000000b8400000|  0%| F|  |TAMS 0x00000000b8300000, 0x00000000b8300000| Untracked 
| 124|0x00000000b8400000, 0x00000000b8400000, 0x00000000b8500000|  0%| F|  |TAMS 0x00000000b8400000, 0x00000000b8400000| Untracked 
| 125|0x00000000b8500000, 0x00000000b8500000, 0x00000000b8600000|  0%| F|  |TAMS 0x00000000b8500000, 0x00000000b8500000| Untracked 
| 126|0x00000000b8600000, 0x00000000b8600000, 0x00000000b8700000|  0%| F|  |TAMS 0x00000000b8600000, 0x00000000b8600000| Untracked 
| 127|0x00000000b8700000, 0x00000000b8800000, 0x00000000b8800000|100%| E|  |TAMS 0x00000000b8700000, 0x00000000b8700000| Complete 
| 128|0x00000000b8800000, 0x00000000b8900000, 0x00000000b8900000|100%| E|CS|TAMS 0x00000000b8800000, 0x00000000b8800000| Complete 
| 129|0x00000000b8900000, 0x00000000b8a00000, 0x00000000b8a00000|100%| E|CS|TAMS 0x00000000b8900000, 0x00000000b8900000| Complete 
| 130|0x00000000b8a00000, 0x00000000b8b00000, 0x00000000b8b00000|100%| E|CS|TAMS 0x00000000b8a00000, 0x00000000b8a00000| Complete 
| 131|0x00000000b8b00000, 0x00000000b8c00000, 0x00000000b8c00000|100%| E|CS|TAMS 0x00000000b8b00000, 0x00000000b8b00000| Complete 
| 132|0x00000000b8c00000, 0x00000000b8d00000, 0x00000000b8d00000|100%| E|CS|TAMS 0x00000000b8c00000, 0x00000000b8c00000| Complete 
| 133|0x00000000b8d00000, 0x00000000b8e00000, 0x00000000b8e00000|100%| E|CS|TAMS 0x00000000b8d00000, 0x00000000b8d00000| Complete 
| 134|0x00000000b8e00000, 0x00000000b8f00000, 0x00000000b8f00000|100%| E|CS|TAMS 0x00000000b8e00000, 0x00000000b8e00000| Complete 
| 135|0x00000000b8f00000, 0x00000000b9000000, 0x00000000b9000000|100%| E|CS|TAMS 0x00000000b8f00000, 0x00000000b8f00000| Complete 
| 136|0x00000000b9000000, 0x00000000b9100000, 0x00000000b9100000|100%| E|CS|TAMS 0x00000000b9000000, 0x00000000b9000000| Complete 
| 137|0x00000000b9100000, 0x00000000b9200000, 0x00000000b9200000|100%| E|CS|TAMS 0x00000000b9100000, 0x00000000b9100000| Complete 
| 138|0x00000000b9200000, 0x00000000b9300000, 0x00000000b9300000|100%| E|CS|TAMS 0x00000000b9200000, 0x00000000b9200000| Complete 
| 139|0x00000000b9300000, 0x00000000b9400000, 0x00000000b9400000|100%| E|CS|TAMS 0x00000000b9300000, 0x00000000b9300000| Complete 
| 140|0x00000000b9400000, 0x00000000b9500000, 0x00000000b9500000|100%| E|CS|TAMS 0x00000000b9400000, 0x00000000b9400000| Complete 
| 141|0x00000000b9500000, 0x00000000b9600000, 0x00000000b9600000|100%| E|CS|TAMS 0x00000000b9500000, 0x00000000b9500000| Complete 
| 142|0x00000000b9600000, 0x00000000b9700000, 0x00000000b9700000|100%| E|CS|TAMS 0x00000000b9600000, 0x00000000b9600000| Complete 
| 143|0x00000000b9700000, 0x00000000b9800000, 0x00000000b9800000|100%| E|CS|TAMS 0x00000000b9700000, 0x00000000b9700000| Complete 
| 144|0x00000000b9800000, 0x00000000b9900000, 0x00000000b9900000|100%| E|CS|TAMS 0x00000000b9800000, 0x00000000b9800000| Complete 
| 145|0x00000000b9900000, 0x00000000b9a00000, 0x00000000b9a00000|100%| E|CS|TAMS 0x00000000b9900000, 0x00000000b9900000| Complete 
| 146|0x00000000b9a00000, 0x00000000b9b00000, 0x00000000b9b00000|100%| E|CS|TAMS 0x00000000b9a00000, 0x00000000b9a00000| Complete 
| 147|0x00000000b9b00000, 0x00000000b9c00000, 0x00000000b9c00000|100%| E|CS|TAMS 0x00000000b9b00000, 0x00000000b9b00000| Complete 
| 148|0x00000000b9c00000, 0x00000000b9d00000, 0x00000000b9d00000|100%| E|CS|TAMS 0x00000000b9c00000, 0x00000000b9c00000| Complete 
| 149|0x00000000b9d00000, 0x00000000b9e00000, 0x00000000b9e00000|100%| E|CS|TAMS 0x00000000b9d00000, 0x00000000b9d00000| Complete 
| 150|0x00000000b9e00000, 0x00000000b9f00000, 0x00000000b9f00000|100%| E|CS|TAMS 0x00000000b9e00000, 0x00000000b9e00000| Complete 
| 151|0x00000000b9f00000, 0x00000000ba000000, 0x00000000ba000000|100%| E|CS|TAMS 0x00000000b9f00000, 0x00000000b9f00000| Complete 
| 152|0x00000000ba000000, 0x00000000ba100000, 0x00000000ba100000|100%| E|CS|TAMS 0x00000000ba000000, 0x00000000ba000000| Complete 
| 153|0x00000000ba100000, 0x00000000ba200000, 0x00000000ba200000|100%| E|CS|TAMS 0x00000000ba100000, 0x00000000ba100000| Complete 
| 154|0x00000000ba200000, 0x00000000ba300000, 0x00000000ba300000|100%| E|CS|TAMS 0x00000000ba200000, 0x00000000ba200000| Complete 
| 155|0x00000000ba300000, 0x00000000ba400000, 0x00000000ba400000|100%| E|CS|TAMS 0x00000000ba300000, 0x00000000ba300000| Complete 
| 156|0x00000000ba400000, 0x00000000ba500000, 0x00000000ba500000|100%| E|CS|TAMS 0x00000000ba400000, 0x00000000ba400000| Complete 
| 157|0x00000000ba500000, 0x00000000ba600000, 0x00000000ba600000|100%| E|CS|TAMS 0x00000000ba500000, 0x00000000ba500000| Complete 
| 158|0x00000000ba600000, 0x00000000ba700000, 0x00000000ba700000|100%| E|CS|TAMS 0x00000000ba600000, 0x00000000ba600000| Complete 
| 159|0x00000000ba700000, 0x00000000ba800000, 0x00000000ba800000|100%| E|CS|TAMS 0x00000000ba700000, 0x00000000ba700000| Complete 
| 160|0x00000000ba800000, 0x00000000ba900000, 0x00000000ba900000|100%| E|CS|TAMS 0x00000000ba800000, 0x00000000ba800000| Complete 
| 161|0x00000000ba900000, 0x00000000baa00000, 0x00000000baa00000|100%| E|CS|TAMS 0x00000000ba900000, 0x00000000ba900000| Complete 
| 162|0x00000000baa00000, 0x00000000bab00000, 0x00000000bab00000|100%| E|CS|TAMS 0x00000000baa00000, 0x00000000baa00000| Complete 
| 163|0x00000000bab00000, 0x00000000bac00000, 0x00000000bac00000|100%| E|CS|TAMS 0x00000000bab00000, 0x00000000bab00000| Complete 
| 164|0x00000000bac00000, 0x00000000bad00000, 0x00000000bad00000|100%| E|CS|TAMS 0x00000000bac00000, 0x00000000bac00000| Complete 
| 165|0x00000000bad00000, 0x00000000bae00000, 0x00000000bae00000|100%| E|CS|TAMS 0x00000000bad00000, 0x00000000bad00000| Complete 
| 166|0x00000000bae00000, 0x00000000baf00000, 0x00000000baf00000|100%| E|CS|TAMS 0x00000000bae00000, 0x00000000bae00000| Complete 
| 167|0x00000000baf00000, 0x00000000bb000000, 0x00000000bb000000|100%| E|CS|TAMS 0x00000000baf00000, 0x00000000baf00000| Complete 
| 168|0x00000000bb000000, 0x00000000bb100000, 0x00000000bb100000|100%| E|CS|TAMS 0x00000000bb000000, 0x00000000bb000000| Complete 
| 169|0x00000000bb100000, 0x00000000bb200000, 0x00000000bb200000|100%| E|CS|TAMS 0x00000000bb100000, 0x00000000bb100000| Complete 
| 170|0x00000000bb200000, 0x00000000bb300000, 0x00000000bb300000|100%| E|CS|TAMS 0x00000000bb200000, 0x00000000bb200000| Complete 
| 171|0x00000000bb300000, 0x00000000bb400000, 0x00000000bb400000|100%| E|CS|TAMS 0x00000000bb300000, 0x00000000bb300000| Complete 
| 172|0x00000000bb400000, 0x00000000bb500000, 0x00000000bb500000|100%| E|CS|TAMS 0x00000000bb400000, 0x00000000bb400000| Complete 
| 173|0x00000000bb500000, 0x00000000bb600000, 0x00000000bb600000|100%| E|CS|TAMS 0x00000000bb500000, 0x00000000bb500000| Complete 
| 174|0x00000000bb600000, 0x00000000bb700000, 0x00000000bb700000|100%| E|CS|TAMS 0x00000000bb600000, 0x00000000bb600000| Complete 
| 175|0x00000000bb700000, 0x00000000bb800000, 0x00000000bb800000|100%| E|CS|TAMS 0x00000000bb700000, 0x00000000bb700000| Complete 
| 176|0x00000000bb800000, 0x00000000bb900000, 0x00000000bb900000|100%| E|CS|TAMS 0x00000000bb800000, 0x00000000bb800000| Complete 
| 177|0x00000000bb900000, 0x00000000bba00000, 0x00000000bba00000|100%| E|CS|TAMS 0x00000000bb900000, 0x00000000bb900000| Complete 
| 178|0x00000000bba00000, 0x00000000bbb00000, 0x00000000bbb00000|100%| E|CS|TAMS 0x00000000bba00000, 0x00000000bba00000| Complete 
| 179|0x00000000bbb00000, 0x00000000bbc00000, 0x00000000bbc00000|100%| E|CS|TAMS 0x00000000bbb00000, 0x00000000bbb00000| Complete 
| 180|0x00000000bbc00000, 0x00000000bbd00000, 0x00000000bbd00000|100%| E|CS|TAMS 0x00000000bbc00000, 0x00000000bbc00000| Complete 
| 181|0x00000000bbd00000, 0x00000000bbe00000, 0x00000000bbe00000|100%| E|CS|TAMS 0x00000000bbd00000, 0x00000000bbd00000| Complete 
| 182|0x00000000bbe00000, 0x00000000bbf00000, 0x00000000bbf00000|100%| E|CS|TAMS 0x00000000bbe00000, 0x00000000bbe00000| Complete 
| 183|0x00000000bbf00000, 0x00000000bc000000, 0x00000000bc000000|100%| E|CS|TAMS 0x00000000bbf00000, 0x00000000bbf00000| Complete 
| 184|0x00000000bc000000, 0x00000000bc100000, 0x00000000bc100000|100%| E|CS|TAMS 0x00000000bc000000, 0x00000000bc000000| Complete 
| 185|0x00000000bc100000, 0x00000000bc200000, 0x00000000bc200000|100%| E|CS|TAMS 0x00000000bc100000, 0x00000000bc100000| Complete 
| 186|0x00000000bc200000, 0x00000000bc300000, 0x00000000bc300000|100%| E|CS|TAMS 0x00000000bc200000, 0x00000000bc200000| Complete 
| 187|0x00000000bc300000, 0x00000000bc400000, 0x00000000bc400000|100%| E|CS|TAMS 0x00000000bc300000, 0x00000000bc300000| Complete 
| 188|0x00000000bc400000, 0x00000000bc500000, 0x00000000bc500000|100%| E|CS|TAMS 0x00000000bc400000, 0x00000000bc400000| Complete 
| 189|0x00000000bc500000, 0x00000000bc600000, 0x00000000bc600000|100%| E|CS|TAMS 0x00000000bc500000, 0x00000000bc500000| Complete 
| 190|0x00000000bc600000, 0x00000000bc700000, 0x00000000bc700000|100%| E|CS|TAMS 0x00000000bc600000, 0x00000000bc600000| Complete 
| 191|0x00000000bc700000, 0x00000000bc800000, 0x00000000bc800000|100%| E|CS|TAMS 0x00000000bc700000, 0x00000000bc700000| Complete 
| 192|0x00000000bc800000, 0x00000000bc900000, 0x00000000bc900000|100%| E|CS|TAMS 0x00000000bc800000, 0x00000000bc800000| Complete 
| 193|0x00000000bc900000, 0x00000000bca00000, 0x00000000bca00000|100%| E|CS|TAMS 0x00000000bc900000, 0x00000000bc900000| Complete 
| 194|0x00000000bca00000, 0x00000000bcb00000, 0x00000000bcb00000|100%| E|CS|TAMS 0x00000000bca00000, 0x00000000bca00000| Complete 
| 195|0x00000000bcb00000, 0x00000000bcc00000, 0x00000000bcc00000|100%| E|CS|TAMS 0x00000000bcb00000, 0x00000000bcb00000| Complete 
| 196|0x00000000bcc00000, 0x00000000bcd00000, 0x00000000bcd00000|100%| E|CS|TAMS 0x00000000bcc00000, 0x00000000bcc00000| Complete 
| 197|0x00000000bcd00000, 0x00000000bce00000, 0x00000000bce00000|100%| E|CS|TAMS 0x00000000bcd00000, 0x00000000bcd00000| Complete 
| 198|0x00000000bce00000, 0x00000000bcf00000, 0x00000000bcf00000|100%| E|CS|TAMS 0x00000000bce00000, 0x00000000bce00000| Complete 
| 199|0x00000000bcf00000, 0x00000000bd000000, 0x00000000bd000000|100%| E|CS|TAMS 0x00000000bcf00000, 0x00000000bcf00000| Complete 
| 200|0x00000000bd000000, 0x00000000bd100000, 0x00000000bd100000|100%| E|CS|TAMS 0x00000000bd000000, 0x00000000bd000000| Complete 
| 201|0x00000000bd100000, 0x00000000bd200000, 0x00000000bd200000|100%| E|CS|TAMS 0x00000000bd100000, 0x00000000bd100000| Complete 
| 202|0x00000000bd200000, 0x00000000bd300000, 0x00000000bd300000|100%| E|CS|TAMS 0x00000000bd200000, 0x00000000bd200000| Complete 
| 203|0x00000000bd300000, 0x00000000bd400000, 0x00000000bd400000|100%| E|CS|TAMS 0x00000000bd300000, 0x00000000bd300000| Complete 
| 204|0x00000000bd400000, 0x00000000bd500000, 0x00000000bd500000|100%| E|CS|TAMS 0x00000000bd400000, 0x00000000bd400000| Complete 
| 205|0x00000000bd500000, 0x00000000bd600000, 0x00000000bd600000|100%| E|CS|TAMS 0x00000000bd500000, 0x00000000bd500000| Complete 
| 206|0x00000000bd600000, 0x00000000bd700000, 0x00000000bd700000|100%| E|CS|TAMS 0x00000000bd600000, 0x00000000bd600000| Complete 
| 207|0x00000000bd700000, 0x00000000bd800000, 0x00000000bd800000|100%| E|CS|TAMS 0x00000000bd700000, 0x00000000bd700000| Complete 
| 208|0x00000000bd800000, 0x00000000bd900000, 0x00000000bd900000|100%| E|CS|TAMS 0x00000000bd800000, 0x00000000bd800000| Complete 
| 209|0x00000000bd900000, 0x00000000bda00000, 0x00000000bda00000|100%| E|CS|TAMS 0x00000000bd900000, 0x00000000bd900000| Complete 
| 210|0x00000000bda00000, 0x00000000bdb00000, 0x00000000bdb00000|100%| E|CS|TAMS 0x00000000bda00000, 0x00000000bda00000| Complete 
| 211|0x00000000bdb00000, 0x00000000bdc00000, 0x00000000bdc00000|100%| E|CS|TAMS 0x00000000bdb00000, 0x00000000bdb00000| Complete 
| 212|0x00000000bdc00000, 0x00000000bdd00000, 0x00000000bdd00000|100%| E|CS|TAMS 0x00000000bdc00000, 0x00000000bdc00000| Complete 
| 213|0x00000000bdd00000, 0x00000000bde00000, 0x00000000bde00000|100%| E|CS|TAMS 0x00000000bdd00000, 0x00000000bdd00000| Complete 
| 214|0x00000000bde00000, 0x00000000bdf00000, 0x00000000bdf00000|100%| E|CS|TAMS 0x00000000bde00000, 0x00000000bde00000| Complete 
| 215|0x00000000bdf00000, 0x00000000be000000, 0x00000000be000000|100%| E|CS|TAMS 0x00000000bdf00000, 0x00000000bdf00000| Complete 
| 216|0x00000000be000000, 0x00000000be100000, 0x00000000be100000|100%| E|CS|TAMS 0x00000000be000000, 0x00000000be000000| Complete 
| 217|0x00000000be100000, 0x00000000be200000, 0x00000000be200000|100%| E|CS|TAMS 0x00000000be100000, 0x00000000be100000| Complete 
| 218|0x00000000be200000, 0x00000000be300000, 0x00000000be300000|100%| E|CS|TAMS 0x00000000be200000, 0x00000000be200000| Complete 
| 219|0x00000000be300000, 0x00000000be400000, 0x00000000be400000|100%| E|CS|TAMS 0x00000000be300000, 0x00000000be300000| Complete 
| 220|0x00000000be400000, 0x00000000be500000, 0x00000000be500000|100%| E|CS|TAMS 0x00000000be400000, 0x00000000be400000| Complete 
| 221|0x00000000be500000, 0x00000000be600000, 0x00000000be600000|100%| E|CS|TAMS 0x00000000be500000, 0x00000000be500000| Complete 
| 222|0x00000000be600000, 0x00000000be700000, 0x00000000be700000|100%| E|CS|TAMS 0x00000000be600000, 0x00000000be600000| Complete 
| 223|0x00000000be700000, 0x00000000be800000, 0x00000000be800000|100%| E|CS|TAMS 0x00000000be700000, 0x00000000be700000| Complete 
| 224|0x00000000be800000, 0x00000000be900000, 0x00000000be900000|100%| E|CS|TAMS 0x00000000be800000, 0x00000000be800000| Complete 
| 225|0x00000000be900000, 0x00000000bea00000, 0x00000000bea00000|100%| E|CS|TAMS 0x00000000be900000, 0x00000000be900000| Complete 
| 226|0x00000000bea00000, 0x00000000beb00000, 0x00000000beb00000|100%| E|CS|TAMS 0x00000000bea00000, 0x00000000bea00000| Complete 
| 227|0x00000000beb00000, 0x00000000bec00000, 0x00000000bec00000|100%| E|CS|TAMS 0x00000000beb00000, 0x00000000beb00000| Complete 
| 228|0x00000000bec00000, 0x00000000bed00000, 0x00000000bed00000|100%| E|CS|TAMS 0x00000000bec00000, 0x00000000bec00000| Complete 
| 229|0x00000000bed00000, 0x00000000bee00000, 0x00000000bee00000|100%| E|CS|TAMS 0x00000000bed00000, 0x00000000bed00000| Complete 
| 230|0x00000000bee00000, 0x00000000bef00000, 0x00000000bef00000|100%| E|CS|TAMS 0x00000000bee00000, 0x00000000bee00000| Complete 
| 231|0x00000000bef00000, 0x00000000bf000000, 0x00000000bf000000|100%| E|CS|TAMS 0x00000000bef00000, 0x00000000bef00000| Complete 
| 232|0x00000000bf000000, 0x00000000bf100000, 0x00000000bf100000|100%| E|CS|TAMS 0x00000000bf000000, 0x00000000bf000000| Complete 
| 233|0x00000000bf100000, 0x00000000bf200000, 0x00000000bf200000|100%| E|CS|TAMS 0x00000000bf100000, 0x00000000bf100000| Complete 
| 234|0x00000000bf200000, 0x00000000bf300000, 0x00000000bf300000|100%| E|CS|TAMS 0x00000000bf200000, 0x00000000bf200000| Complete 
| 235|0x00000000bf300000, 0x00000000bf400000, 0x00000000bf400000|100%| E|CS|TAMS 0x00000000bf300000, 0x00000000bf300000| Complete 
| 236|0x00000000bf400000, 0x00000000bf500000, 0x00000000bf500000|100%| E|CS|TAMS 0x00000000bf400000, 0x00000000bf400000| Complete 
| 237|0x00000000bf500000, 0x00000000bf600000, 0x00000000bf600000|100%| E|CS|TAMS 0x00000000bf500000, 0x00000000bf500000| Complete 
| 238|0x00000000bf600000, 0x00000000bf700000, 0x00000000bf700000|100%| E|CS|TAMS 0x00000000bf600000, 0x00000000bf600000| Complete 
| 239|0x00000000bf700000, 0x00000000bf800000, 0x00000000bf800000|100%| S|CS|TAMS 0x00000000bf700000, 0x00000000bf700000| Complete 
| 240|0x00000000bf800000, 0x00000000bf900000, 0x00000000bf900000|100%| E|CS|TAMS 0x00000000bf800000, 0x00000000bf800000| Complete 
| 241|0x00000000bf900000, 0x00000000bfa00000, 0x00000000bfa00000|100%| E|CS|TAMS 0x00000000bf900000, 0x00000000bf900000| Complete 
| 242|0x00000000bfa00000, 0x00000000bfb00000, 0x00000000bfb00000|100%| E|CS|TAMS 0x00000000bfa00000, 0x00000000bfa00000| Complete 

Card table byte_map: [0x000000001a420000,0x000000001a6a0000] _byte_map_base: 0x0000000019e9c000

Marking Bits (Prev, Next): (CMBitMap*) 0x00000000006a1000, (CMBitMap*) 0x00000000006a0fc8
 Prev Bits: [0x000000001bd00000, 0x000000001d0e0000)
 Next Bits: [0x000000001a920000, 0x000000001bd00000)

Polling page: 0x00000000002f0000

Metaspace:

Usage:
  Non-class:     70.94 MB capacity,    68.04 MB ( 96%) used,     2.51 MB (  4%) free+waste,   396.31 KB ( <1%) overhead. 
      Class:     11.30 MB capacity,     9.46 MB ( 84%) used,     1.67 MB ( 15%) free+waste,   177.31 KB (  2%) overhead. 
       Both:     82.24 MB capacity,    77.50 MB ( 94%) used,     4.18 MB (  5%) free+waste,   573.63 KB ( <1%) overhead. 

Virtual space:
  Non-class space:       72.00 MB reserved,      71.49 MB (>99%) committed 
      Class space:        1.00 GB reserved,      11.82 MB (  1%) committed 
             Both:        1.07 GB reserved,      83.32 MB (  8%) committed 

Chunk freelists:
   Non-Class:  46.88 KB
       Class:  57.25 KB
        Both:  104.13 KB

CodeHeap 'non-profiled nmethods': size=120064Kb used=21240Kb max_used=21608Kb free=98823Kb
 bounds [0x0000000012440000, 0x0000000013970000, 0x0000000019980000]
CodeHeap 'profiled nmethods': size=120000Kb used=31136Kb max_used=33798Kb free=88863Kb
 bounds [0x000000000af10000, 0x000000000d080000, 0x0000000012440000]
CodeHeap 'non-nmethods': size=5696Kb used=1593Kb max_used=1666Kb free=4102Kb
 bounds [0x000000000a980000, 0x000000000abf0000, 0x000000000af10000]
 total_blobs=35472 nmethods=16627 adapters=1050
 compilation: enabled
              stopped_count=0, restarted_count=0
 full_count=0

Compilation events (10 events):
Event: 16529.942 Thread 0x0000000020796000 23884       3       javafx.scene.Node$LazyTransformProperty::<init> (5 bytes)
Event: 16529.943 Thread 0x0000000020796000 nmethod 23884 0x000000000b09af10 code [0x000000000b09b0e0, 0x000000000b09b3b8]
Event: 16529.943 Thread 0x0000000020796000 23885       3       javafx.scene.Node$LazyTransformProperty::<init> (15 bytes)
Event: 16529.943 Thread 0x0000000020796000 nmethod 23885 0x000000000b09a990 code [0x000000000b09ab60, 0x000000000b09add8]
Event: 16534.881 Thread 0x0000000020796000 23886       3       com.sun.javafx.event.CompositeEventHandler$WeakEventFilterRecord::handleBubblingEvent (1 bytes)
Event: 16534.882 Thread 0x0000000020796000 nmethod 23886 0x000000000affb310 code [0x000000000affb4c0, 0x000000000affb618]
Event: 16535.226 Thread 0x000000002078f800 23887       4       org.fxmisc.richtext.event.MouseOverTextEvent::<init> (8 bytes)
Event: 16535.235 Thread 0x000000002078f800 nmethod 23887 0x0000000012b8d910 code [0x0000000012b8daa0, 0x0000000012b8dd78]
Event: 16535.891 Thread 0x000000002078f800 23888       4       bluej.parser.EditorParser::beginFieldDeclarations (11 bytes)
Event: 16535.892 Thread 0x000000002078f800 nmethod 23888 0x00000000129f4790 code [0x00000000129f4920, 0x00000000129f49a8]

GC Heap History (10 events):
Event: 16466.061 GC heap before
{Heap before GC invocations=527 (full 0):
 garbage-first heap   total 248832K, used 193689K [0x00000000b0800000, 0x0000000100000000)
  region size 1024K, 117 young (119808K), 7 survivors (7168K)
 Metaspace       used 79348K, capacity 84215K, committed 85316K, reserved 1122304K
  class space    used 9683K, capacity 11574K, committed 12108K, reserved 1048576K
}
Event: 16466.093 GC heap after
{Heap after GC invocations=528 (full 0):
 garbage-first heap   total 248832K, used 89139K [0x00000000b0800000, 0x0000000100000000)
  region size 1024K, 13 young (13312K), 13 survivors (13312K)
 Metaspace       used 79348K, capacity 84215K, committed 85316K, reserved 1122304K
  class space    used 9683K, capacity 11574K, committed 12108K, reserved 1048576K
}
Event: 16516.898 GC heap before
{Heap before GC invocations=528 (full 0):
 garbage-first heap   total 248832K, used 194611K [0x00000000b0800000, 0x0000000100000000)
  region size 1024K, 116 young (118784K), 13 survivors (13312K)
 Metaspace       used 79354K, capacity 84215K, committed 85316K, reserved 1122304K
  class space    used 9683K, capacity 11574K, committed 12108K, reserved 1048576K
}
Event: 16516.939 GC heap after
{Heap after GC invocations=529 (full 0):
 garbage-first heap   total 248832K, used 86885K [0x00000000b0800000, 0x0000000100000000)
  region size 1024K, 6 young (6144K), 6 survivors (6144K)
 Metaspace       used 79354K, capacity 84215K, committed 85316K, reserved 1122304K
  class space    used 9683K, capacity 11574K, committed 12108K, reserved 1048576K
}
Event: 16522.458 GC heap before
{Heap before GC invocations=529 (full 0):
 garbage-first heap   total 248832K, used 197477K [0x00000000b0800000, 0x0000000100000000)
  region size 1024K, 114 young (116736K), 6 survivors (6144K)
 Metaspace       used 79354K, capacity 84215K, committed 85316K, reserved 1122304K
  class space    used 9683K, capacity 11574K, committed 12108K, reserved 1048576K
}
Event: 16522.472 GC heap after
{Heap after GC invocations=530 (full 0):
 garbage-first heap   total 248832K, used 86924K [0x00000000b0800000, 0x0000000100000000)
  region size 1024K, 6 young (6144K), 6 survivors (6144K)
 Metaspace       used 79354K, capacity 84215K, committed 85316K, reserved 1122304K
  class space    used 9683K, capacity 11574K, committed 12108K, reserved 1048576K
}
Event: 16534.964 GC heap before
{Heap before GC invocations=531 (full 0):
 garbage-first heap   total 248832K, used 200588K [0x00000000b0800000, 0x0000000100000000)
  region size 1024K, 117 young (119808K), 6 survivors (6144K)
 Metaspace       used 79355K, capacity 84215K, committed 85316K, reserved 1122304K
  class space    used 9683K, capacity 11574K, committed 12108K, reserved 1048576K
}
Event: 16534.984 GC heap after
{Heap after GC invocations=532 (full 0):
 garbage-first heap   total 248832K, used 90331K [0x00000000b0800000, 0x0000000100000000)
  region size 1024K, 9 young (9216K), 9 survivors (9216K)
 Metaspace       used 79355K, capacity 84215K, committed 85316K, reserved 1122304K
  class space    used 9683K, capacity 11574K, committed 12108K, reserved 1048576K
}
Event: 16535.034 GC heap before
{Heap before GC invocations=532 (full 0):
 garbage-first heap   total 248832K, used 93403K [0x00000000b0800000, 0x0000000100000000)
  region size 1024K, 12 young (12288K), 9 survivors (9216K)
 Metaspace       used 79355K, capacity 84215K, committed 85316K, reserved 1122304K
  class space    used 9683K, capacity 11574K, committed 12108K, reserved 1048576K
}
Event: 16535.073 GC heap after
{Heap after GC invocations=533 (full 0):
 garbage-first heap   total 248832K, used 75014K [0x00000000b0800000, 0x0000000100000000)
  region size 1024K, 1 young (1024K), 1 survivors (1024K)
 Metaspace       used 79355K, capacity 84215K, committed 85316K, reserved 1122304K
  class space    used 9683K, capacity 11574K, committed 12108K, reserved 1048576K
}

Deoptimization events (10 events):
Event: 16401.741 Thread 0x000000002262e000 Uncommon trap: reason=unstable_if action=reinterpret pc=0x00000000131e945c method=com.sun.marlin.MaskMarlinAlphaConsumer.setAndClearRelativeAlphas([I[IIII)V @ 548 c2
Event: 16430.875 Thread 0x000000002262e000 Uncommon trap: reason=profile_predicate action=maybe_recompile pc=0x0000000013946b78 method=com.sun.marlin.DHelpers$PolyStack.popAll(Lcom/sun/marlin/DPathConsumer2D;)V @ 72 c2
Event: 16454.881 Thread 0x000000002262e000 Uncommon trap: reason=unstable_if action=reinterpret pc=0x0000000012f8dd00 method=com.sun.javafx.geom.BoxBounds.deriveWithNewBounds(Lcom/sun/javafx/geom/BaseBounds;)Lcom/sun/javafx/geom/BaseBounds; @ 4 c2
Event: 16466.036 Thread 0x000000002a275000 Uncommon trap: reason=speculate_class_check action=maybe_recompile pc=0x0000000012a15a4c method=com.sun.tools.javac.comp.Resolve.rawInstantiate(Lcom/sun/tools/javac/comp/Env;Lcom/sun/tools/javac/code/Type;Lcom/sun/tools/javac/code/Symbol;Lcom/sun/tools/ja
Event: 16491.737 Thread 0x000000002262e000 Uncommon trap: reason=class_check action=maybe_recompile pc=0x000000001324c11c method=com.sun.marlin.DTransformingPathConsumer2D$CurveClipSplitter.emitCurrent(I[DILcom/sun/marlin/DPathConsumer2D;)V @ 63 c2
Event: 16491.737 Thread 0x000000002262e000 Uncommon trap: reason=unstable_if action=reinterpret pc=0x000000001391fc5c method=com.sun.marlin.DStroker.lineTo(DDZ)V @ 57 c2
Event: 16491.737 Thread 0x000000002262e000 Uncommon trap: reason=class_check action=maybe_recompile pc=0x000000001324c11c method=com.sun.marlin.DTransformingPathConsumer2D$CurveClipSplitter.emitCurrent(I[DILcom/sun/marlin/DPathConsumer2D;)V @ 63 c2
Event: 16491.737 Thread 0x000000002262e000 Uncommon trap: reason=unstable_if action=reinterpret pc=0x000000001391fc80 method=com.sun.marlin.DStroker.lineTo(DDZ)V @ 94 c2
Event: 16503.249 Thread 0x000000002262e000 Uncommon trap: reason=class_check action=maybe_recompile pc=0x000000001324c11c method=com.sun.marlin.DTransformingPathConsumer2D$CurveClipSplitter.emitCurrent(I[DILcom/sun/marlin/DPathConsumer2D;)V @ 63 c2
Event: 16503.249 Thread 0x000000002262e000 Uncommon trap: reason=class_check action=maybe_recompile pc=0x000000001324c11c method=com.sun.marlin.DTransformingPathConsumer2D$CurveClipSplitter.emitCurrent(I[DILcom/sun/marlin/DPathConsumer2D;)V @ 63 c2

Classes redefined (0 events):
No events

Internal exceptions (10 events):
Event: 16491.838 Thread 0x0000000022771800 Exception <a 'java/io/FileNotFoundException'{0x00000000bd1afe80}> (0x00000000bd1afe80) thrown at [t:/workspace/open/src/hotspot/share/prims/jni.cpp, line 615]
Event: 16504.793 Thread 0x0000000022771800 Exception <a 'java/io/FileNotFoundException'{0x00000000bc91c750}> (0x00000000bc91c750) thrown at [t:/workspace/open/src/hotspot/share/prims/jni.cpp, line 615]
Event: 16529.943 Thread 0x0000000022771800 Exception <a 'java/io/FileNotFoundException'{0x00000000bd76a400}> (0x00000000bd76a400) thrown at [t:/workspace/open/src/hotspot/share/prims/jni.cpp, line 615]
Event: 16538.255 Thread 0x000000002a275000 Exception <a 'sun/nio/fs/WindowsException'{0x00000000b9913328}> (0x00000000b9913328) thrown at [t:/workspace/open/src/hotspot/share/prims/jni.cpp, line 615]
Event: 16538.275 Thread 0x000000002a275000 Exception <a 'sun/nio/fs/WindowsException'{0x00000000b993c200}> (0x00000000b993c200) thrown at [t:/workspace/open/src/hotspot/share/prims/jni.cpp, line 615]
Event: 16538.276 Thread 0x000000002a275000 Exception <a 'sun/nio/fs/WindowsException'{0x00000000b993c770}> (0x00000000b993c770) thrown at [t:/workspace/open/src/hotspot/share/prims/jni.cpp, line 615]
Event: 16538.276 Thread 0x000000002a275000 Exception <a 'sun/nio/fs/WindowsException'{0x00000000b993c8c8}> (0x00000000b993c8c8) thrown at [t:/workspace/open/src/hotspot/share/prims/jni.cpp, line 615]
Event: 16538.277 Thread 0x000000002a275000 Exception <a 'sun/nio/fs/WindowsException'{0x00000000b993cf40}> (0x00000000b993cf40) thrown at [t:/workspace/open/src/hotspot/share/prims/jni.cpp, line 615]
Event: 16538.277 Thread 0x000000002a275000 Exception <a 'sun/nio/fs/WindowsException'{0x00000000b993d2f0}> (0x00000000b993d2f0) thrown at [t:/workspace/open/src/hotspot/share/prims/jni.cpp, line 615]
Event: 16538.282 Thread 0x000000002a275000 Exception <a 'sun/nio/fs/WindowsException'{0x00000000b9947038}> (0x00000000b9947038) thrown at [t:/workspace/open/src/hotspot/share/prims/jni.cpp, line 615]

Events (10 events):
Event: 16538.240 loading class javax/swing/KeyListener
Event: 16538.240 loading class javax/swing/KeyListener done
Event: 16538.240 loading class java/awt
Event: 16538.240 loading class java/awt done
Event: 16538.241 loading class java/awt/KeyListener
Event: 16538.241 loading class java/awt/KeyListener done
Event: 16538.241 loading class java/awt
Event: 16538.241 loading class java/awt done
Event: 16538.241 loading class java/awt/event
Event: 16538.241 loading class java/awt/event done


Dynamic libraries:
0x0000000000400000 - 0x00000000004d2000 	C:\Program Files\BlueJ\BlueJ.exe
0x0000000076cf0000 - 0x0000000076e99000 	C:\Windows\SYSTEM32\ntdll.dll
0x0000000076bd0000 - 0x0000000076cef000 	C:\Windows\system32\kernel32.dll
0x000007fefcb40000 - 0x000007fefcbac000 	C:\Windows\system32\KERNELBASE.dll
0x000007fefebc0000 - 0x000007fefec5f000 	C:\Windows\system32\msvcrt.dll
0x000007fefdd40000 - 0x000007fefeac8000 	C:\Windows\system32\SHELL32.dll
0x000007fefef80000 - 0x000007fefeff1000 	C:\Windows\system32\SHLWAPI.dll
0x000007fefd590000 - 0x000007fefd5f7000 	C:\Windows\system32\GDI32.dll
0x0000000076ad0000 - 0x0000000076bca000 	C:\Windows\system32\USER32.dll
0x000007fefead0000 - 0x000007fefeade000 	C:\Windows\system32\LPK.dll
0x000007fefd820000 - 0x000007fefd8e9000 	C:\Windows\system32\USP10.dll
0x000007fefbbf0000 - 0x000007fefbbfc000 	C:\Windows\system32\VERSION.dll
0x000007fefef50000 - 0x000007fefef7e000 	C:\Windows\system32\IMM32.DLL
0x000007fefdc30000 - 0x000007fefdd39000 	C:\Windows\system32\MSCTF.dll
0x000007fee4c00000 - 0x000007fee5723000 	C:\Program Files\BlueJ\jdk\bin\server\jvm.dll
0x000007fefeae0000 - 0x000007fefebbb000 	C:\Windows\system32\ADVAPI32.dll
0x000007fefdb30000 - 0x000007fefdb4f000 	C:\Windows\SYSTEM32\sechost.dll
0x000007fefec60000 - 0x000007fefed8d000 	C:\Windows\system32\RPCRT4.dll
0x000007feedeb0000 - 0x000007feedeb9000 	C:\Windows\system32\WSOCK32.dll
0x000007fefcec0000 - 0x000007fefcf0d000 	C:\Windows\system32\WS2_32.dll
0x000007fefd600000 - 0x000007fefd608000 	C:\Windows\system32\NSI.dll
0x000007fefa360000 - 0x000007fefa39b000 	C:\Windows\system32\WINMM.dll
0x0000000076eb0000 - 0x0000000076eb7000 	C:\Windows\system32\PSAPI.DLL
0x000007fef9440000 - 0x000007fef9456000 	C:\Program Files\BlueJ\jdk\bin\VCRUNTIME140.dll
0x000007fef9c60000 - 0x000007fef9c64000 	C:\Program Files\BlueJ\jdk\bin\api-ms-win-crt-runtime-l1-1-0.dll
0x000007fee6a80000 - 0x000007fee6b72000 	C:\Windows\system32\ucrtbase.DLL
0x000007fef9c50000 - 0x000007fef9c53000 	C:\Windows\system32\api-ms-win-core-timezone-l1-1-0.dll
0x000007fef9c30000 - 0x000007fef9c33000 	C:\Windows\system32\api-ms-win-core-file-l2-1-0.dll
0x000007fef8aa0000 - 0x000007fef8aa3000 	C:\Windows\system32\api-ms-win-core-localization-l1-2-0.dll
0x000007fef3520000 - 0x000007fef3523000 	C:\Windows\system32\api-ms-win-core-synch-l1-2-0.dll
0x000007fef34c0000 - 0x000007fef34c3000 	C:\Windows\system32\api-ms-win-core-processthreads-l1-1-1.dll
0x000007fef0f60000 - 0x000007fef0f63000 	C:\Windows\system32\api-ms-win-core-file-l1-2-0.dll
0x000007fef0e20000 - 0x000007fef0e24000 	C:\Program Files\BlueJ\jdk\bin\api-ms-win-crt-string-l1-1-0.dll
0x000007fef0da0000 - 0x000007fef0da3000 	C:\Program Files\BlueJ\jdk\bin\api-ms-win-crt-heap-l1-1-0.dll
0x000007fef0d90000 - 0x000007fef0d94000 	C:\Program Files\BlueJ\jdk\bin\api-ms-win-crt-stdio-l1-1-0.dll
0x000007fef0d80000 - 0x000007fef0d84000 	C:\Program Files\BlueJ\jdk\bin\api-ms-win-crt-convert-l1-1-0.dll
0x000007fef0ce0000 - 0x000007fef0ce3000 	C:\Program Files\BlueJ\jdk\bin\api-ms-win-crt-environment-l1-1-0.dll
0x000007fef0cd0000 - 0x000007fef0cd3000 	C:\Program Files\BlueJ\jdk\bin\api-ms-win-crt-utility-l1-1-0.dll
0x000007fef0cc0000 - 0x000007fef0cc5000 	C:\Program Files\BlueJ\jdk\bin\api-ms-win-crt-math-l1-1-0.dll
0x000007fef0c40000 - 0x000007fef0c43000 	C:\Program Files\BlueJ\jdk\bin\api-ms-win-crt-filesystem-l1-1-0.dll
0x000007fef0c30000 - 0x000007fef0c33000 	C:\Program Files\BlueJ\jdk\bin\api-ms-win-crt-time-l1-1-0.dll
0x000007fef0c10000 - 0x000007fef0c21000 	C:\Program Files\BlueJ\jdk\bin\verify.dll
0x000007fefb8d0000 - 0x000007fefb9f5000 	C:\Windows\system32\DBGHELP.DLL
0x000007feed500000 - 0x000007feed528000 	C:\Program Files\BlueJ\jdk\bin\java.dll
0x000007feed410000 - 0x000007feed426000 	C:\Program Files\BlueJ\jdk\bin\zip.dll
0x000007feee0c0000 - 0x000007feee0ca000 	C:\Program Files\BlueJ\jdk\bin\jimage.dll
0x000007fefd610000 - 0x000007fefd813000 	C:\Windows\system32\ole32.dll
0x000007fefcb00000 - 0x000007fefcb0f000 	C:\Windows\system32\profapi.dll
0x000007feecd50000 - 0x000007feecd69000 	C:\Program Files\BlueJ\jdk\bin\net.dll
0x000007fef2b50000 - 0x000007fef2bc1000 	C:\Windows\system32\WINHTTP.dll
0x000007fef2ae0000 - 0x000007fef2b44000 	C:\Windows\system32\webio.dll
0x000007fefd420000 - 0x000007fefd58c000 	C:\Windows\system32\urlmon.dll
0x000007fefcbb0000 - 0x000007fefcbb4000 	C:\Windows\system32\api-ms-win-downlevel-ole32-l1-1-0.dll
0x000007fefcca0000 - 0x000007fefcca4000 	C:\Windows\system32\api-ms-win-downlevel-shlwapi-l1-1-0.dll
0x000007fefcc80000 - 0x000007fefcc85000 	C:\Windows\system32\api-ms-win-downlevel-advapi32-l1-1-0.dll
0x000007fefcbc0000 - 0x000007fefcbc4000 	C:\Windows\system32\api-ms-win-downlevel-user32-l1-1-0.dll
0x000007fefcc70000 - 0x000007fefcc74000 	C:\Windows\system32\api-ms-win-downlevel-version-l1-1-0.dll
0x000007fefcc90000 - 0x000007fefcc93000 	C:\Windows\system32\api-ms-win-downlevel-normaliz-l1-1-0.dll
0x0000000076ec0000 - 0x0000000076ec3000 	C:\Windows\system32\normaliz.DLL
0x000007fefd170000 - 0x000007fefd41f000 	C:\Windows\system32\iertutil.dll
0x000007fefd8f0000 - 0x000007fefdb2b000 	C:\Windows\system32\WININET.dll
0x000007fefcb20000 - 0x000007fefcb3e000 	C:\Windows\system32\USERENV.dll
0x000007fefc2a0000 - 0x000007fefc2f5000 	C:\Windows\system32\mswsock.dll
0x000007fefc290000 - 0x000007fefc297000 	C:\Windows\System32\wship6.dll
0x000007feeb160000 - 0x000007feeb173000 	C:\Program Files\BlueJ\jdk\bin\nio.dll
0x000007feedd20000 - 0x000007feedd23000 	C:\Program Files\BlueJ\lib\javafx\bin\api-ms-win-core-console-l1-1-0.dll
0x000007feed730000 - 0x000007feed733000 	C:\Program Files\BlueJ\lib\javafx\bin\api-ms-win-core-datetime-l1-1-0.dll
0x000007feed580000 - 0x000007feed583000 	C:\Program Files\BlueJ\lib\javafx\bin\api-ms-win-core-debug-l1-1-0.dll
0x000007feed4f0000 - 0x000007feed4f3000 	C:\Program Files\BlueJ\lib\javafx\bin\api-ms-win-core-errorhandling-l1-1-0.dll
0x000007feed2c0000 - 0x000007feed2c4000 	C:\Program Files\BlueJ\lib\javafx\bin\api-ms-win-core-file-l1-1-0.dll
0x000007feed0d0000 - 0x000007feed0d3000 	C:\Program Files\BlueJ\lib\javafx\bin\api-ms-win-core-file-l1-2-0.dll
0x000007feec660000 - 0x000007feec663000 	C:\Program Files\BlueJ\lib\javafx\bin\api-ms-win-core-file-l2-1-0.dll
0x000007feec420000 - 0x000007feec423000 	C:\Program Files\BlueJ\lib\javafx\bin\api-ms-win-core-handle-l1-1-0.dll
0x000007feeb150000 - 0x000007feeb153000 	C:\Program Files\BlueJ\lib\javafx\bin\api-ms-win-core-heap-l1-1-0.dll
0x000007feeb020000 - 0x000007feeb023000 	C:\Program Files\BlueJ\lib\javafx\bin\api-ms-win-core-interlocked-l1-1-0.dll
0x000007feeb010000 - 0x000007feeb013000 	C:\Program Files\BlueJ\lib\javafx\bin\api-ms-win-core-libraryloader-l1-1-0.dll
0x000007feeb000000 - 0x000007feeb003000 	C:\Program Files\BlueJ\lib\javafx\bin\api-ms-win-core-localization-l1-2-0.dll
0x000007feeaff0000 - 0x000007feeaff3000 	C:\Program Files\BlueJ\lib\javafx\bin\api-ms-win-core-memory-l1-1-0.dll
0x000007feeafe0000 - 0x000007feeafe3000 	C:\Program Files\BlueJ\lib\javafx\bin\api-ms-win-core-namedpipe-l1-1-0.dll
0x000007feeafd0000 - 0x000007feeafd3000 	C:\Program Files\BlueJ\lib\javafx\bin\api-ms-win-core-processenvironment-l1-1-0.dll
0x000007feeafc0000 - 0x000007feeafc3000 	C:\Program Files\BlueJ\lib\javafx\bin\api-ms-win-core-processthreads-l1-1-0.dll
0x000007feeafb0000 - 0x000007feeafb3000 	C:\Program Files\BlueJ\lib\javafx\bin\api-ms-win-core-processthreads-l1-1-1.dll
0x000007fee80b0000 - 0x000007fee80b3000 	C:\Program Files\BlueJ\lib\javafx\bin\api-ms-win-core-profile-l1-1-0.dll
0x000007fee80a0000 - 0x000007fee80a3000 	C:\Program Files\BlueJ\lib\javafx\bin\api-ms-win-core-rtlsupport-l1-1-0.dll
0x000007fee8090000 - 0x000007fee8093000 	C:\Program Files\BlueJ\lib\javafx\bin\api-ms-win-core-string-l1-1-0.dll
0x000007fee8080000 - 0x000007fee8083000 	C:\Program Files\BlueJ\lib\javafx\bin\api-ms-win-core-synch-l1-1-0.dll
0x000007fee8070000 - 0x000007fee8073000 	C:\Program Files\BlueJ\lib\javafx\bin\api-ms-win-core-synch-l1-2-0.dll
0x000007fee8060000 - 0x000007fee8063000 	C:\Program Files\BlueJ\lib\javafx\bin\api-ms-win-core-sysinfo-l1-1-0.dll
0x000007fee8050000 - 0x000007fee8053000 	C:\Program Files\BlueJ\lib\javafx\bin\api-ms-win-core-timezone-l1-1-0.dll
0x000007fee8040000 - 0x000007fee8043000 	C:\Program Files\BlueJ\lib\javafx\bin\api-ms-win-core-util-l1-1-0.dll
0x000007fee6a70000 - 0x000007fee6a73000 	C:\Program Files\BlueJ\lib\javafx\bin\api-ms-win-crt-conio-l1-1-0.dll
0x000007fee6a60000 - 0x000007fee6a64000 	C:\Program Files\BlueJ\lib\javafx\bin\api-ms-win-crt-convert-l1-1-0.dll
0x000007fee6a50000 - 0x000007fee6a53000 	C:\Program Files\BlueJ\lib\javafx\bin\api-ms-win-crt-environment-l1-1-0.dll
0x000007fee6a40000 - 0x000007fee6a43000 	C:\Program Files\BlueJ\lib\javafx\bin\api-ms-win-crt-filesystem-l1-1-0.dll
0x000007fee6a30000 - 0x000007fee6a33000 	C:\Program Files\BlueJ\lib\javafx\bin\api-ms-win-crt-heap-l1-1-0.dll
0x000007fee6a20000 - 0x000007fee6a23000 	C:\Program Files\BlueJ\lib\javafx\bin\api-ms-win-crt-locale-l1-1-0.dll
0x000007fee6a10000 - 0x000007fee6a15000 	C:\Program Files\BlueJ\lib\javafx\bin\api-ms-win-crt-math-l1-1-0.dll
0x000007fee6a00000 - 0x000007fee6a05000 	C:\Program Files\BlueJ\lib\javafx\bin\api-ms-win-crt-multibyte-l1-1-0.dll
0x000007fee69f0000 - 0x000007fee6a00000 	C:\Program Files\BlueJ\lib\javafx\bin\api-ms-win-crt-private-l1-1-0.dll
0x000007fee69e0000 - 0x000007fee69e3000 	C:\Program Files\BlueJ\lib\javafx\bin\api-ms-win-crt-process-l1-1-0.dll
0x000007fee69d0000 - 0x000007fee69d4000 	C:\Program Files\BlueJ\lib\javafx\bin\api-ms-win-crt-runtime-l1-1-0.dll
0x000007fee69c0000 - 0x000007fee69c4000 	C:\Program Files\BlueJ\lib\javafx\bin\api-ms-win-crt-stdio-l1-1-0.dll
0x000007fee69b0000 - 0x000007fee69b4000 	C:\Program Files\BlueJ\lib\javafx\bin\api-ms-win-crt-string-l1-1-0.dll
0x000007fee69a0000 - 0x000007fee69a3000 	C:\Program Files\BlueJ\lib\javafx\bin\api-ms-win-crt-time-l1-1-0.dll
0x000007fee6990000 - 0x000007fee6993000 	C:\Program Files\BlueJ\lib\javafx\bin\api-ms-win-crt-utility-l1-1-0.dll
0x000007fee6480000 - 0x000007fee657a000 	C:\Program Files\BlueJ\lib\javafx\bin\ucrtbase.dll
0x000007fee6460000 - 0x000007fee6476000 	C:\Program Files\BlueJ\lib\javafx\bin\vcruntime140.dll
0x000007fee63b0000 - 0x000007fee6456000 	C:\Program Files\BlueJ\lib\javafx\bin\msvcp140.dll
0x000007fee6350000 - 0x000007fee63a1000 	C:\Program Files\BlueJ\lib\javafx\bin\concrt140.dll
0x000007fee6320000 - 0x000007fee6343000 	C:\Program Files\BlueJ\lib\javafx\bin\prism_d3d.dll
0x000007fecdd40000 - 0x000007fecdf3f000 	C:\Windows\system32\d3d9.dll
0x000007fecff40000 - 0x000007fecff47000 	C:\Windows\system32\d3d8thk.dll
0x000007fefadd0000 - 0x000007fefade8000 	C:\Windows\system32\dwmapi.dll
0x000007fefb200000 - 0x000007fefb256000 	C:\Windows\system32\uxtheme.dll
0x000007feed740000 - 0x000007feed887000 	C:\Windows\system32\aticfx64.dll
0x000007fecfca0000 - 0x000007fecfcc0000 	C:\Windows\system32\atiu9p64.dll
0x000007fecd5b0000 - 0x000007fecdd34000 	C:\Windows\system32\atiumd64.dll
0x000000005c960000 - 0x000000005d3cd000 	C:\Windows\system32\atiumd6a.dll
0x000007fee62d0000 - 0x000007fee6315000 	C:\Program Files\BlueJ\lib\javafx\bin\glass.dll
0x000007fefeeb0000 - 0x000007fefef47000 	C:\Windows\system32\COMDLG32.dll
0x000007fef1520000 - 0x000007fef15c0000 	C:\Windows\WinSxS\amd64_microsoft.windows.common-controls_6595b64144ccf1df_5.82.7601.18201_none_a4d3b9377117c3df\COMCTL32.dll
0x000007fefdb50000 - 0x000007fefdc27000 	C:\Windows\system32\OLEAUT32.dll
0x000007fefc960000 - 0x000007fefc96f000 	C:\Windows\system32\CRYPTBASE.dll
0x000007fee4a60000 - 0x000007fee4bfe000 	C:\Program Files\BlueJ\jdk\bin\awt.dll
0x000007fed4b90000 - 0x000007fed4f54000 	C:\Windows\system32\d2d1.dll
0x000007fee62b0000 - 0x000007fee62c4000 	C:\Program Files\BlueJ\lib\javafx\bin\javafx_font.dll
0x000007fedd370000 - 0x000007fedd506000 	C:\Windows\system32\dwrite.dll
0x000007fefee10000 - 0x000007fefeea9000 	C:\Windows\system32\CLBCatQ.DLL

dbghelp: loaded successfully - version: 4.0.5 - missing functions: none
symbol engine: initialized successfully - sym options: 0x614 - pdb path: .;C:\Program Files\BlueJ;C:\Windows\SYSTEM32;C:\Program Files\BlueJ\jdk\bin\server;C:\Program Files\BlueJ\jdk\bin;C:\Program Files\BlueJ\lib\javafx\bin;C:\Windows\WinSxS\amd64_microsoft.windows.common-controls_6595b64144ccf1df_5.82.7601.18201_none_a4d3b9377117c3df;C:\Windows\WinSxS\amd64_microsoft.windows.common-controls_6595b64144ccf1df_6.0.7601.17514_none_fa396087175ac9ac;C:\Program Files\Common Files\Microsoft Shared\Ink;C:\Users\giovanni\AppData\Roaming\discord\0.0.308\modules\discord_hook\397863cd8f

VM Arguments:
jvm_args: -Djavafx.embed.singleThread=true 
java_command: <unknown>
java_class_path (initial): C:\Program Files\BlueJ\lib\bluej.jar;C:\Program Files\BlueJ\lib\javafx\lib\javafx.base.jar;C:\Program Files\BlueJ\lib\javafx\lib\javafx.controls.jar;C:\Program Files\BlueJ\lib\javafx\lib\javafx.fxml.jar;C:\Program Files\BlueJ\lib\javafx\lib\javafx.graphics.jar;C:\Program Files\BlueJ\lib\javafx\lib\javafx.media.jar;C:\Program Files\BlueJ\lib\javafx\lib\javafx.properties.jar;C:\Program Files\BlueJ\lib\javafx\lib\javafx.swing.jar;C:\Program Files\BlueJ\lib\javafx\lib\javafx.web.jar
Launcher Type: generic

[Global flags]
     intx CICompilerCount                          = 3                                         {product} {ergonomic}
     uint ConcGCThreads                            = 1                                         {product} {ergonomic}
     uint G1ConcRefinementThreads                  = 4                                         {product} {ergonomic}
   size_t G1HeapRegionSize                         = 1048576                                   {product} {ergonomic}
    uintx GCDrainStackTargetSize                   = 64                                        {product} {ergonomic}
   size_t InitialHeapSize                          = 83886080                                  {product} {ergonomic}
   size_t MarkStackSize                            = 4194304                                   {product} {ergonomic}
   size_t MaxHeapSize                              = 1333788672                                {product} {ergonomic}
   size_t MaxNewSize                               = 800063488                                 {product} {ergonomic}
   size_t MinHeapDeltaBytes                        = 1048576                                   {product} {ergonomic}
    uintx NonNMethodCodeHeapSize                   = 5830092                                {pd product} {ergonomic}
    uintx NonProfiledCodeHeapSize                  = 122914074                              {pd product} {ergonomic}
    uintx ProfiledCodeHeapSize                     = 122914074                              {pd product} {ergonomic}
    uintx ReservedCodeCacheSize                    = 251658240                              {pd product} {ergonomic}
     bool SegmentedCodeCache                       = true                                      {product} {ergonomic}
     bool UseCompressedClassPointers               = true                                 {lp64_product} {ergonomic}
     bool UseCompressedOops                        = true                                 {lp64_product} {ergonomic}
     bool UseG1GC                                  = true                                      {product} {ergonomic}
     bool UseLargePagesIndividualAllocation        = false                                  {pd product} {ergonomic}

Logging:
Log output configuration:
 #0: stdout all=warning uptime,level,tags
 #1: stderr all=off uptime,level,tags

Environment Variables:
PATH=C:\Program Files (x86)\Common Files\Oracle\Java\javapath;C:\Windows\system32;C:\Windows;C:\Windows\System32\Wbem;C:\Windows\System32\WindowsPowerShell\v1.0\;C:\Program Files (x86)\ATI Technologies\ATI.ACE\Core-Static;C:\Program Files (x86)\Infocert\DiKe 6\RAO
USERNAME=giovanni
OS=Windows_NT
PROCESSOR_IDENTIFIER=AMD64 Family 22 Model 48 Stepping 1, AuthenticAMD



---------------  S Y S T E M  ---------------

OS: Windows 7 , 64 bit Build 7601 (6.1.7601.18409)

CPU:total 4 (initial active 4) (4 cores per cpu, 1 threads per core) family 22 model 48 stepping 1, cmov, cx8, fxsr, mmx, sse, sse2, sse3, ssse3, sse4.1, sse4.2, popcnt, avx, aes, clmul, mmxext, 3dnowpref, lzcnt, sse4a, tsc, tscinvbit, tscinv, bmi1

Memory: 4k page, system-wide physical 5086M (1239M free)
TotalPageFile size 10470M (AvailPageFile size 4754M)
current process WorkingSet (physical memory assigned to process): 567M, peak: 585M
current process commit charge ("private bytes"): 578M, peak: 596M

vm_info: OpenJDK 64-Bit Server VM (11.0.2+9) for windows-amd64 JRE (11.0.2+9), built on Jan 18 2019 05:23:22 by "mach5one" with MS VC++ 15.5 (VS2017)

END.
